<html>
<body>
<pre>
<h1>µVision Build Log</h1>
<h2>Tool Versions:</h2>
IDE-Version: ¦ÌVision V5.41.0.0
Copyright (C) 2024 ARM Ltd and ARM Germany GmbH. All rights reserved.
License Information: 1 Administrator, 1, LIC=8VRJ7-EMMID-EVK1R-KEG60-2XWRI-IAU51
 
Tool Versions:
Toolchain:       MDK-ARM Plus  Version: 5.41.0.0
Toolchain Path:  D:\Keil_541\ARM\ARMCLANG\Bin
C Compiler:      ArmClang.exe V6.22
Assembler:       Armasm.exe V6.22
Linker/Locator:  ArmLink.exe V6.22
Library Manager: ArmAr.exe V6.22
Hex Converter:   FromElf.exe V6.22
CPU DLL:         SARMCM3.DLL V5.41.0.0
Dialog DLL:      DCM.DLL V1.17.5.0
Target DLL:      STLink\ST-LINKIII-KEIL_SWO.dll V3.3.0.0
Dialog DLL:      TCM.DLL V1.56.4.0
 
<h2>Project:</h2>
D:\RM\armclang_enginner\MDK-ARM\armclang_engineer.uvprojx
Project File Date:  01/18/2025

<h2>Output:</h2>
*** Using Compiler 'V6.22', folder: 'D:\Keil_541\ARM\ARMCLANG\Bin'
Build target 'armclang_engineer'
compiling freertos.c...
compiling usart.c...
compiling bdma.c...
compiling stm32h7xx_hal_msp.c...
compiling dma.c...
compiling fdcan.c...
compiling gpio.c...
compiling stm32h7xx_it.c...
compiling adc.c...
compiling memorymap.c...
compiling tim.c...
compiling usb_device.c...
compiling main.c...
compiling octospi.c...
compiling spi.c...
compiling stm32h7xx_hal_timebase_tim.c...
compiling usbd_desc.c...
compiling usbd_cdc_if.c...
compiling usbd_conf.c...
compiling stm32h7xx_hal_pcd.c...
compiling stm32h7xx_hal_pcd_ex.c...
compiling stm32h7xx_ll_usb.c...
compiling stm32h7xx_hal_rcc.c...
compiling stm32h7xx_hal_flash.c...
compiling stm32h7xx_hal_rcc_ex.c...
compiling stm32h7xx_hal_flash_ex.c...
compiling stm32h7xx_hal_gpio.c...
compiling stm32h7xx_hal_hsem.c...
compiling stm32h7xx_hal_pwr.c...
compiling stm32h7xx_hal_dma_ex.c...
compiling stm32h7xx_hal_mdma.c...
compiling stm32h7xx_hal_cortex.c...
compiling stm32h7xx_hal_pwr_ex.c...
compiling stm32h7xx_hal.c...
compiling stm32h7xx_hal_i2c_ex.c...
compiling stm32h7xx_hal_exti.c...
compiling stm32h7xx_hal_dma.c...
compiling stm32h7xx_hal_i2c.c...
compiling stm32h7xx_hal_adc.c...
compiling stm32h7xx_hal_adc_ex.c...
compiling stm32h7xx_hal_spi_ex.c...
compiling stm32h7xx_hal_fdcan.c...
compiling stm32h7xx_hal_ospi.c...
compiling stm32h7xx_hal_spi.c...
compiling croutine.c...
compiling list.c...
compiling event_groups.c...
compiling queue.c...
compiling stream_buffer.c...
compiling stm32h7xx_hal_uart_ex.c...
compiling system_stm32h7xx.c...
compiling timers.c...
compiling stm32h7xx_hal_tim_ex.c...
compiling tasks.c...
compiling stm32h7xx_hal_tim.c...
compiling stm32h7xx_hal_uart.c...
compiling cmsis_os.c...
compiling heap_4.c...
compiling port.c...
compiling usbd_core.c...
compiling usbd_ctlreq.c...
compiling usbd_ioreq.c...
compiling usbd_cdc.c...
compiling Buzzer.cpp...
../Own/App/Imu/Imu.cpp(4): warning: In file included from...
../Own/Moudle\MyMath/MyMath.h(103): error: unknown type name 'consteval'; did you mean 'constexpr'?
  103 | consteval head static_scale_transmit(source value, source source_scale, head head_scale) {
      | ^~~~~~~~~
      | constexpr
../Own/Moudle\MyMath/MyMath.h(104): warning: variable declaration in a constexpr function is a C++14 extension [-Wc++14-extensions]
  104 |     head target = static_cast<float>(value * head_scale) / source_scale;
      |          ^
../Own/Moudle\MyMath/MyMath.h(117): error: unknown type name 'consteval'; did you mean 'constexpr'?
  117 | consteval float rad2deg(float rad) {
      | ^~~~~~~~~
      | constexpr
../Own/Moudle\MyMath/MyMath.h(120): error: unknown type name 'consteval'; did you mean 'constexpr'?
  120 | consteval float deg2rad(float deg) {
      | ^~~~~~~~~
      | constexpr
../Own/Moudle\MyMath/MyMath.h(123): error: unknown type name 'consteval'; did you mean 'constexpr'?
  123 | consteval float scale(float src, float head) {
      | ^~~~~~~~~
      | constexpr
1 warning and 4 errors generated.
compiling Imu.cpp...
compiling Referee_UI_Function.cpp...
compiling MicroTime.cpp...
compiling Referee_System.cpp...
../Own/App/Interact/Interact.cpp(5): warning: In file included from...
../Own/App/Interact\Interact.h(11): warning: In file included from...
../Own/Obj\RoboArm/RoboArm.h(13): warning: In file included from...
../Own/Obj\RoboArm\RoboArmDep.h(8): warning: In file included from...
../Own/Moudle\Matrix/Matrix.h(70): warning: 'constexpr' non-static member function will not be implicitly 'const' in C++14; add 'const' to avoid a change in behavior [-Wconstexpr-not-const]
   70 |     constexpr uint32_t get_row() { return ROWS; }
      |                        ^
      |                                  const
../Own/Moudle\Matrix/Matrix.h(72): warning: 'constexpr' non-static member function will not be implicitly 'const' in C++14; add 'const' to avoid a change in behavior [-Wconstexpr-not-const]
   72 |     constexpr uint32_t get_col() { return COLS; }
      |                        ^
      |                                  const
../Own/Moudle\Matrix/Matrix.h(101): error: expected ';' at end of declaration list
  101 |     Matrix<ROWS, col> operator*(const Matrix<row, col>& other) const
      |                                                                     ^
      |                                                                     ;
../Own/Moudle\Matrix/Matrix.h(173): error: expected ';' at end of declaration list
  173 |     inline void assign_multiply(const Matrix<ROWS, clo>& first_matrix, const Matrix<row, COLS>& second_matrix)
      |                                                                                                               ^
      |                                                                                                               ;
../Own/Moudle\Matrix/Matrix.h(182): error: expected ';' at end of declaration list
  182 |     inline arm_status assign_inv(Matrix& scr_matrix)
      |                                                     ^
      |                                                     ;
../Own/Moudle\Matrix/Matrix.h(201): error: expected function body after function declarator
  201 |     requires(ROWS == COLS)
      |     ^
../Own/App/Interact/Interact.cpp(5): warning: In file included from...
../Own/App/Interact\Interact.h(11): warning: In file included from...
../Own/Obj\RoboArm/RoboArm.h(13): warning: In file included from...
../Own/Obj\RoboArm\RoboArmDep.h(9): warning: In file included from...
../Own/App\Motor/GM6020.h(11): warning: In file included from...
../Own/App\Motor\FeedBack.h(8): warning: In file included from...
../Own/Bsp\CAN/SuperCan.h(32): error: unknown type name 'filter_mode'
   32 |     void filter_config(uint16_t filter_number, filter_mode filterMode = MASK, uint32_t reg_1 = 0, uint32_t reg_2 = 0);
      |                                                ^
../Own/Bsp\CAN/SuperCan.h(32): error: use of undeclared identifier 'MASK'
   32 |     void filter_config(uint16_t filter_number, filter_mode filterMode = MASK, uint32_t reg_1 = 0, uint32_t reg_2 = 0);
      |                                                                         ^
../Own/App/Interact/Interact.cpp(5): warning: In file included from...
../Own/App/Interact\Interact.h(11): warning: In file included from...
../Own/Obj\RoboArm/RoboArm.h(13): warning: In file included from...
../Own/Obj\RoboArm\RoboArmDep.h(9): warning: In file included from...
../Own/App\Motor/GM6020.h(12): warning: In file included from...
../Own/App\Motor\Motor.h(46): error: class member cannot be redeclared
   46 |     void readData(uint8_t *data) requires std::same_as<MOTOR, dmMotor>;
      |          ^
../Own/App\Motor\Motor.h(45): note: previous declaration is here
   45 |     void readData(uint8_t *data);
      |          ^
../Own/App\Motor\Motor.h(46): error: expected ';' at end of declaration list
   46 |     void readData(uint8_t *data) requires std::same_as<MOTOR, dmMotor>;
      |                                 ^
      |                                 ;
../Own/App\Motor\Motor.h(47): error: class member cannot be redeclared
   47 |     void readData(uint8_t *data) requires std::same_as<MOTOR, lkMotor>;
      |          ^
../Own/App\Motor\Motor.h(45): note: previous declaration is here
   45 |     void readData(uint8_t *data);
      |          ^
../Own/App\Motor\Motor.h(47): error: expected ';' at end of declaration list
   47 |     void readData(uint8_t *data) requires std::same_as<MOTOR, lkMotor>;
      |                                 ^
      |                                 ;
../Own/App\Motor\Motor.h(48): error: class member cannot be redeclared
   48 |     void readData(uint8_t *data) requires std::same_as<MOTOR, lkMotorBoard>;
      |          ^
../Own/App\Motor\Motor.h(45): note: previous declaration is here
   45 |     void readData(uint8_t *data);
      |          ^
../Own/App\Motor\Motor.h(48): error: expected ';' at end of declaration list
   48 |     void readData(uint8_t *data) requires std::same_as<MOTOR, lkMotorBoard>;
      |                                 ^
      |                                 ;
../Own/App/Interact/Interact.cpp(5): warning: In file included from...
../Own/App/Interact\Interact.h(11): warning: In file included from...
../Own/Obj\RoboArm/RoboArm.h(13): warning: In file included from...
../Own/Obj\RoboArm\RoboArmDep.h(13): warning: In file included from...
../Own/App\Motor/dmMotor.h(19): warning: In file included from...
../Own/Moudle\MyMath/MyMath.h(103): error: unknown type name 'consteval'; did you mean 'constexpr'?
  103 | consteval head static_scale_transmit(source value, source source_scale, head head_scale) {
      | ^~~~~~~~~
      | constexpr
../Own/Moudle\MyMath/MyMath.h(104): warning: variable declaration in a constexpr function is a C++14 extension [-Wc++14-extensions]
  104 |     head target = static_cast<float>(value * head_scale) / source_scale;
      |          ^
../Own/Moudle\MyMath/MyMath.h(117): error: unknown type name 'consteval'; did you mean 'constexpr'?
  117 | consteval float rad2deg(float rad) {
      | ^~~~~~~~~
      | constexpr
../Own/Moudle\MyMath/MyMath.h(120): error: unknown type name 'consteval'; did you mean 'constexpr'?
  120 | consteval float deg2rad(float deg) {
      | ^~~~~~~~~
      | constexpr
../Own/Moudle\MyMath/MyMath.h(123): error: unknown type name 'consteval'; did you mean 'constexpr'?
  123 | consteval float scale(float src, float head) {
      | ^~~~~~~~~
      | constexpr
../Own/App/Interact/Interact.cpp(5): warning: In file included from...
../Own/App/Interact\Interact.h(11): warning: In file included from...
../Own/Obj\RoboArm/RoboArm.h(13): warning: In file included from...
../Own/Obj\RoboArm\RoboArmDep.h(13): warning: In file included from...
../Own/App\Motor/dmMotor.h(52): error: expected function body after function declarator
   52 | void Motor<MOTOR>::readData(uint8_t *data) requires std::same_as<MOTOR, dmMotor>{
      |                                            ^
../Own/App/Interact/Interact.cpp(5): warning: In file included from...
../Own/App/Interact\Interact.h(11): warning: In file included from...
../Own/Obj\RoboArm/RoboArm.h(13): warning: In file included from...
../Own/Obj\RoboArm\RoboArmDep.h(14): warning: In file included from...
../Own/App\Motor/lkMotor.h(141): error: expected function body after function declarator
  141 | void Motor<MOTOR>::readData(uint8_t *data) requires std::same_as<MOTOR, lkMotor> {
      |                                            ^
../Own/App/Interact/Interact.cpp(5): warning: In file included from...
../Own/App/Interact\Interact.h(11): warning: In file included from...
../Own/Obj\RoboArm/RoboArm.h(13): warning: In file included from...
../Own/Obj\RoboArm\RoboArmDep.h(37): error: unknown type name 'consteval'; did you mean 'constexpr'?
   37 |     consteval int16_t joint_scale(float angle, float scr, float head) {
      |     ^~~~~~~~~
      |     constexpr
fatal error: too many errors emitted, stopping now [-ferror-limit=]
3 warnings and 20 errors generated.
compiling Interact.cpp...
../Own/App/Motor/dmMotor.cpp(5): warning: In file included from...
../Own/App/Motor\dmMotor.h(19): warning: In file included from...
../Own/Moudle\MyMath/MyMath.h(103): error: unknown type name 'consteval'; did you mean 'constexpr'?
  103 | consteval head static_scale_transmit(source value, source source_scale, head head_scale) {
      | ^~~~~~~~~
      | constexpr
../Own/Moudle\MyMath/MyMath.h(104): warning: variable declaration in a constexpr function is a C++14 extension [-Wc++14-extensions]
  104 |     head target = static_cast<float>(value * head_scale) / source_scale;
      |          ^
../Own/Moudle\MyMath/MyMath.h(117): error: unknown type name 'consteval'; did you mean 'constexpr'?
  117 | consteval float rad2deg(float rad) {
      | ^~~~~~~~~
      | constexpr
../Own/Moudle\MyMath/MyMath.h(120): error: unknown type name 'consteval'; did you mean 'constexpr'?
  120 | consteval float deg2rad(float deg) {
      | ^~~~~~~~~
      | constexpr
../Own/Moudle\MyMath/MyMath.h(123): error: unknown type name 'consteval'; did you mean 'constexpr'?
  123 | consteval float scale(float src, float head) {
      | ^~~~~~~~~
      | constexpr
../Own/App/Motor/dmMotor.cpp(5): warning: In file included from...
../Own/App/Motor\dmMotor.h(50): warning: In file included from...
../Own/App/Motor\Motor.h(46): error: class member cannot be redeclared
   46 |     void readData(uint8_t *data) requires std::same_as<MOTOR, dmMotor>;
      |          ^
../Own/App/Motor\Motor.h(45): note: previous declaration is here
   45 |     void readData(uint8_t *data);
      |          ^
../Own/App/Motor\Motor.h(46): error: expected ';' at end of declaration list
   46 |     void readData(uint8_t *data) requires std::same_as<MOTOR, dmMotor>;
      |                                 ^
      |                                 ;
../Own/App/Motor\Motor.h(47): error: class member cannot be redeclared
   47 |     void readData(uint8_t *data) requires std::same_as<MOTOR, lkMotor>;
      |          ^
../Own/App/Motor\Motor.h(45): note: previous declaration is here
   45 |     void readData(uint8_t *data);
      |          ^
../Own/App/Motor\Motor.h(47): error: expected ';' at end of declaration list
   47 |     void readData(uint8_t *data) requires std::same_as<MOTOR, lkMotor>;
      |                                 ^
      |                                 ;
../Own/App/Motor\Motor.h(48): error: class member cannot be redeclared
   48 |     void readData(uint8_t *data) requires std::same_as<MOTOR, lkMotorBoard>;
      |          ^
../Own/App/Motor\Motor.h(45): note: previous declaration is here
   45 |     void readData(uint8_t *data);
      |          ^
../Own/App/Motor\Motor.h(48): error: expected ';' at end of declaration list
   48 |     void readData(uint8_t *data) requires std::same_as<MOTOR, lkMotorBoard>;
      |                                 ^
      |                                 ;
../Own/App/Motor/dmMotor.cpp(5): warning: In file included from...
../Own/App/Motor\dmMotor.h(52): error: expected function body after function declarator
   52 | void Motor<MOTOR>::readData(uint8_t *data) requires std::same_as<MOTOR, dmMotor>{
      |                                            ^
1 warning and 11 errors generated.
compiling dmMotor.cpp...
../Own/App/Motor/GM6020.cpp(5): warning: In file included from...
../Own/App/Motor\GM6020.h(12): warning: In file included from...
../Own/App/Motor\Motor.h(46): error: class member cannot be redeclared
   46 |     void readData(uint8_t *data) requires std::same_as<MOTOR, dmMotor>;
      |          ^
../Own/App/Motor\Motor.h(45): note: previous declaration is here
   45 |     void readData(uint8_t *data);
      |          ^
../Own/App/Motor\Motor.h(46): error: expected ';' at end of declaration list
   46 |     void readData(uint8_t *data) requires std::same_as<MOTOR, dmMotor>;
      |                                 ^
      |                                 ;
../Own/App/Motor\Motor.h(47): error: class member cannot be redeclared
   47 |     void readData(uint8_t *data) requires std::same_as<MOTOR, lkMotor>;
      |          ^
../Own/App/Motor\Motor.h(45): note: previous declaration is here
   45 |     void readData(uint8_t *data);
      |          ^
../Own/App/Motor\Motor.h(47): error: expected ';' at end of declaration list
   47 |     void readData(uint8_t *data) requires std::same_as<MOTOR, lkMotor>;
      |                                 ^
      |                                 ;
../Own/App/Motor\Motor.h(48): error: class member cannot be redeclared
   48 |     void readData(uint8_t *data) requires std::same_as<MOTOR, lkMotorBoard>;
      |          ^
../Own/App/Motor\Motor.h(45): note: previous declaration is here
   45 |     void readData(uint8_t *data);
      |          ^
../Own/App/Motor\Motor.h(48): error: expected ';' at end of declaration list
   48 |     void readData(uint8_t *data) requires std::same_as<MOTOR, lkMotorBoard>;
      |                                 ^
      |                                 ;
6 errors generated.
compiling GM6020.cpp...
../Own/App/Motor/lkMotor.cpp(5): warning: In file included from...
../Own/App/Motor\lkMotor.h(138): warning: In file included from...
../Own/App/Motor\Motor.h(46): error: class member cannot be redeclared
   46 |     void readData(uint8_t *data) requires std::same_as<MOTOR, dmMotor>;
      |          ^
../Own/App/Motor\Motor.h(45): note: previous declaration is here
   45 |     void readData(uint8_t *data);
      |          ^
../Own/App/Motor\Motor.h(46): error: expected ';' at end of declaration list
   46 |     void readData(uint8_t *data) requires std::same_as<MOTOR, dmMotor>;
      |                                 ^
      |                                 ;
../Own/App/Motor\Motor.h(47): error: class member cannot be redeclared
   47 |     void readData(uint8_t *data) requires std::same_as<MOTOR, lkMotor>;
      |          ^
../Own/App/Motor\Motor.h(45): note: previous declaration is here
   45 |     void readData(uint8_t *data);
      |          ^
../Own/App/Motor\Motor.h(47): error: expected ';' at end of declaration list
   47 |     void readData(uint8_t *data) requires std::same_as<MOTOR, lkMotor>;
      |                                 ^
      |                                 ;
../Own/App/Motor\Motor.h(48): error: class member cannot be redeclared
   48 |     void readData(uint8_t *data) requires std::same_as<MOTOR, lkMotorBoard>;
      |          ^
../Own/App/Motor\Motor.h(45): note: previous declaration is here
   45 |     void readData(uint8_t *data);
      |          ^
../Own/App/Motor\Motor.h(48): error: expected ';' at end of declaration list
   48 |     void readData(uint8_t *data) requires std::same_as<MOTOR, lkMotorBoard>;
      |                                 ^
      |                                 ;
../Own/App/Motor/lkMotor.cpp(5): warning: In file included from...
../Own/App/Motor\lkMotor.h(141): error: expected function body after function declarator
  141 | void Motor<MOTOR>::readData(uint8_t *data) requires std::same_as<MOTOR, lkMotor> {
      |                                            ^
7 errors generated.
compiling lkMotor.cpp...
compiling M2006.cpp...
../Own/App/Motor/Motor.cpp(4): warning: In file included from...
../Own/App/Motor\Motor.h(46): error: class member cannot be redeclared
   46 |     void readData(uint8_t *data) requires std::same_as<MOTOR, dmMotor>;
      |          ^
../Own/App/Motor\Motor.h(45): note: previous declaration is here
   45 |     void readData(uint8_t *data);
      |          ^
../Own/App/Motor\Motor.h(46): error: expected ';' at end of declaration list
   46 |     void readData(uint8_t *data) requires std::same_as<MOTOR, dmMotor>;
      |                                 ^
      |                                 ;
../Own/App/Motor\Motor.h(47): error: class member cannot be redeclared
   47 |     void readData(uint8_t *data) requires std::same_as<MOTOR, lkMotor>;
      |          ^
../Own/App/Motor\Motor.h(45): note: previous declaration is here
   45 |     void readData(uint8_t *data);
      |          ^
../Own/App/Motor\Motor.h(47): error: expected ';' at end of declaration list
   47 |     void readData(uint8_t *data) requires std::same_as<MOTOR, lkMotor>;
      |                                 ^
      |                                 ;
../Own/App/Motor\Motor.h(48): error: class member cannot be redeclared
   48 |     void readData(uint8_t *data) requires std::same_as<MOTOR, lkMotorBoard>;
      |          ^
../Own/App/Motor\Motor.h(45): note: previous declaration is here
   45 |     void readData(uint8_t *data);
      |          ^
../Own/App/Motor\Motor.h(48): error: expected ';' at end of declaration list
   48 |     void readData(uint8_t *data) requires std::same_as<MOTOR, lkMotorBoard>;
      |                                 ^
      |                                 ;
6 errors generated.
compiling Motor.cpp...
compiling M3508.cpp...
compiling Pump.cpp...
compiling rcDependece.cpp...
compiling RemoteControl.cpp...
compiling RGBLED.cpp...
compiling W25Q64.cpp...
compiling SuperCan.cpp...
compiling SuperSPI.cpp...
compiling SuperGPIO.cpp...
compiling SuperCDC.cpp...
compiling SuperIWDG.cpp...
compiling SuperUart.cpp...
compiling GPIOCallback.cpp...
compiling SPICallback.cpp...
../Own/CallBack/CDCCallback.cpp(7): warning: In file included from...
../Own/App\Interact/Interact.h(11): warning: In file included from...
../Own/Obj\RoboArm/RoboArm.h(13): warning: In file included from...
../Own/Obj\RoboArm\RoboArmDep.h(8): warning: In file included from...
../Own/Moudle\Matrix/Matrix.h(70): warning: 'constexpr' non-static member function will not be implicitly 'const' in C++14; add 'const' to avoid a change in behavior [-Wconstexpr-not-const]
   70 |     constexpr uint32_t get_row() { return ROWS; }
      |                        ^
      |                                  const
../Own/Moudle\Matrix/Matrix.h(72): warning: 'constexpr' non-static member function will not be implicitly 'const' in C++14; add 'const' to avoid a change in behavior [-Wconstexpr-not-const]
   72 |     constexpr uint32_t get_col() { return COLS; }
      |                        ^
      |                                  const
../Own/Moudle\Matrix/Matrix.h(101): error: expected ';' at end of declaration list
  101 |     Matrix<ROWS, col> operator*(const Matrix<row, col>& other) const
      |                                                                     ^
      |                                                                     ;
../Own/Moudle\Matrix/Matrix.h(173): error: expected ';' at end of declaration list
  173 |     inline void assign_multiply(const Matrix<ROWS, clo>& first_matrix, const Matrix<row, COLS>& second_matrix)
      |                                                                                                               ^
      |                                                                                                               ;
../Own/Moudle\Matrix/Matrix.h(182): error: expected ';' at end of declaration list
  182 |     inline arm_status assign_inv(Matrix& scr_matrix)
      |                                                     ^
      |                                                     ;
../Own/Moudle\Matrix/Matrix.h(201): error: expected function body after function declarator
  201 |     requires(ROWS == COLS)
      |     ^
../Own/CallBack/CDCCallback.cpp(7): warning: In file included from...
../Own/App\Interact/Interact.h(11): warning: In file included from...
../Own/Obj\RoboArm/RoboArm.h(13): warning: In file included from...
../Own/Obj\RoboArm\RoboArmDep.h(9): warning: In file included from...
../Own/App\Motor/GM6020.h(11): warning: In file included from...
../Own/App\Motor\FeedBack.h(8): warning: In file included from...
../Own/Bsp\CAN/SuperCan.h(32): error: unknown type name 'filter_mode'
   32 |     void filter_config(uint16_t filter_number, filter_mode filterMode = MASK, uint32_t reg_1 = 0, uint32_t reg_2 = 0);
      |                                                ^
../Own/Bsp\CAN/SuperCan.h(32): error: use of undeclared identifier 'MASK'
   32 |     void filter_config(uint16_t filter_number, filter_mode filterMode = MASK, uint32_t reg_1 = 0, uint32_t reg_2 = 0);
      |                                                                         ^
../Own/CallBack/CDCCallback.cpp(7): warning: In file included from...
../Own/App\Interact/Interact.h(11): warning: In file included from...
../Own/Obj\RoboArm/RoboArm.h(13): warning: In file included from...
../Own/Obj\RoboArm\RoboArmDep.h(9): warning: In file included from...
../Own/App\Motor/GM6020.h(12): warning: In file included from...
../Own/App\Motor\Motor.h(46): error: class member cannot be redeclared
   46 |     void readData(uint8_t *data) requires std::same_as<MOTOR, dmMotor>;
      |          ^
../Own/App\Motor\Motor.h(45): note: previous declaration is here
   45 |     void readData(uint8_t *data);
      |          ^
../Own/App\Motor\Motor.h(46): error: expected ';' at end of declaration list
   46 |     void readData(uint8_t *data) requires std::same_as<MOTOR, dmMotor>;
      |                                 ^
      |                                 ;
../Own/App\Motor\Motor.h(47): error: class member cannot be redeclared
   47 |     void readData(uint8_t *data) requires std::same_as<MOTOR, lkMotor>;
      |          ^
../Own/App\Motor\Motor.h(45): note: previous declaration is here
   45 |     void readData(uint8_t *data);
      |          ^
../Own/App\Motor\Motor.h(47): error: expected ';' at end of declaration list
   47 |     void readData(uint8_t *data) requires std::same_as<MOTOR, lkMotor>;
      |                                 ^
      |                                 ;
../Own/App\Motor\Motor.h(48): error: class member cannot be redeclared
   48 |     void readData(uint8_t *data) requires std::same_as<MOTOR, lkMotorBoard>;
      |          ^
../Own/App\Motor\Motor.h(45): note: previous declaration is here
   45 |     void readData(uint8_t *data);
      |          ^
../Own/App\Motor\Motor.h(48): error: expected ';' at end of declaration list
   48 |     void readData(uint8_t *data) requires std::same_as<MOTOR, lkMotorBoard>;
      |                                 ^
      |                                 ;
../Own/CallBack/CDCCallback.cpp(7): warning: In file included from...
../Own/App\Interact/Interact.h(11): warning: In file included from...
../Own/Obj\RoboArm/RoboArm.h(13): warning: In file included from...
../Own/Obj\RoboArm\RoboArmDep.h(13): warning: In file included from...
../Own/App\Motor/dmMotor.h(19): warning: In file included from...
../Own/Moudle\MyMath/MyMath.h(103): error: unknown type name 'consteval'; did you mean 'constexpr'?
  103 | consteval head static_scale_transmit(source value, source source_scale, head head_scale) {
      | ^~~~~~~~~
      | constexpr
../Own/Moudle\MyMath/MyMath.h(104): warning: variable declaration in a constexpr function is a C++14 extension [-Wc++14-extensions]
  104 |     head target = static_cast<float>(value * head_scale) / source_scale;
      |          ^
../Own/Moudle\MyMath/MyMath.h(117): error: unknown type name 'consteval'; did you mean 'constexpr'?
  117 | consteval float rad2deg(float rad) {
      | ^~~~~~~~~
      | constexpr
../Own/Moudle\MyMath/MyMath.h(120): error: unknown type name 'consteval'; did you mean 'constexpr'?
  120 | consteval float deg2rad(float deg) {
      | ^~~~~~~~~
      | constexpr
../Own/Moudle\MyMath/MyMath.h(123): error: unknown type name 'consteval'; did you mean 'constexpr'?
  123 | consteval float scale(float src, float head) {
      | ^~~~~~~~~
      | constexpr
../Own/CallBack/CDCCallback.cpp(7): warning: In file included from...
../Own/App\Interact/Interact.h(11): warning: In file included from...
../Own/Obj\RoboArm/RoboArm.h(13): warning: In file included from...
../Own/Obj\RoboArm\RoboArmDep.h(13): warning: In file included from...
../Own/App\Motor/dmMotor.h(52): error: expected function body after function declarator
   52 | void Motor<MOTOR>::readData(uint8_t *data) requires std::same_as<MOTOR, dmMotor>{
      |                                            ^
../Own/CallBack/CDCCallback.cpp(7): warning: In file included from...
../Own/App\Interact/Interact.h(11): warning: In file included from...
../Own/Obj\RoboArm/RoboArm.h(13): warning: In file included from...
../Own/Obj\RoboArm\RoboArmDep.h(14): warning: In file included from...
../Own/App\Motor/lkMotor.h(141): error: expected function body after function declarator
  141 | void Motor<MOTOR>::readData(uint8_t *data) requires std::same_as<MOTOR, lkMotor> {
      |                                            ^
../Own/CallBack/CDCCallback.cpp(7): warning: In file included from...
../Own/App\Interact/Interact.h(11): warning: In file included from...
../Own/Obj\RoboArm/RoboArm.h(13): warning: In file included from...
../Own/Obj\RoboArm\RoboArmDep.h(37): error: unknown type name 'consteval'; did you mean 'constexpr'?
   37 |     consteval int16_t joint_scale(float angle, float scr, float head) {
      |     ^~~~~~~~~
      |     constexpr
fatal error: too many errors emitted, stopping now [-ferror-limit=]
3 warnings and 20 errors generated.
compiling CDCCallback.cpp...
compiling Crc.cpp...
compiling Detect.cpp...
compiling Filter.cpp...
compiling RoundQueue.cpp...
compiling DoublePid.cpp...
compiling UARTCallback.cpp...
compiling Slope.cpp...
compiling pid.cpp...
compiling DetectManager.cpp...
../Own/Moudle/MyMath/MyMath.cpp(5): warning: In file included from...
../Own/Moudle/MyMath\MyMath.h(103): error: unknown type name 'consteval'; did you mean 'constexpr'?
  103 | consteval head static_scale_transmit(source value, source source_scale, head head_scale) {
      | ^~~~~~~~~
      | constexpr
../Own/Moudle/MyMath\MyMath.h(104): warning: variable declaration in a constexpr function is a C++14 extension [-Wc++14-extensions]
  104 |     head target = static_cast<float>(value * head_scale) / source_scale;
      |          ^
../Own/Moudle/MyMath\MyMath.h(117): error: unknown type name 'consteval'; did you mean 'constexpr'?
  117 | consteval float rad2deg(float rad) {
      | ^~~~~~~~~
      | constexpr
../Own/Moudle/MyMath\MyMath.h(120): error: unknown type name 'consteval'; did you mean 'constexpr'?
  120 | consteval float deg2rad(float deg) {
      | ^~~~~~~~~
      | constexpr
../Own/Moudle/MyMath\MyMath.h(123): error: unknown type name 'consteval'; did you mean 'constexpr'?
  123 | consteval float scale(float src, float head) {
      | ^~~~~~~~~
      | constexpr
1 warning and 4 errors generated.
compiling MyMath.cpp...
../Own/CallBack/CanCallback.cpp(6): warning: In file included from...
../Own/App\Motor/GM6020.h(12): warning: In file included from...
../Own/App\Motor\Motor.h(46): error: class member cannot be redeclared
   46 |     void readData(uint8_t *data) requires std::same_as<MOTOR, dmMotor>;
      |          ^
../Own/App\Motor\Motor.h(45): note: previous declaration is here
   45 |     void readData(uint8_t *data);
      |          ^
../Own/App\Motor\Motor.h(46): error: expected ';' at end of declaration list
   46 |     void readData(uint8_t *data) requires std::same_as<MOTOR, dmMotor>;
      |                                 ^
      |                                 ;
../Own/App\Motor\Motor.h(47): error: class member cannot be redeclared
   47 |     void readData(uint8_t *data) requires std::same_as<MOTOR, lkMotor>;
      |          ^
../Own/App\Motor\Motor.h(45): note: previous declaration is here
   45 |     void readData(uint8_t *data);
      |          ^
../Own/App\Motor\Motor.h(47): error: expected ';' at end of declaration list
   47 |     void readData(uint8_t *data) requires std::same_as<MOTOR, lkMotor>;
      |                                 ^
      |                                 ;
../Own/App\Motor\Motor.h(48): error: class member cannot be redeclared
   48 |     void readData(uint8_t *data) requires std::same_as<MOTOR, lkMotorBoard>;
      |          ^
../Own/App\Motor\Motor.h(45): note: previous declaration is here
   45 |     void readData(uint8_t *data);
      |          ^
../Own/App\Motor\Motor.h(48): error: expected ';' at end of declaration list
   48 |     void readData(uint8_t *data) requires std::same_as<MOTOR, lkMotorBoard>;
      |                                 ^
      |                                 ;
../Own/CallBack/CanCallback.cpp(7): warning: In file included from...
../Own/App\Motor/lkMotor.h(141): error: expected function body after function declarator
  141 | void Motor<MOTOR>::readData(uint8_t *data) requires std::same_as<MOTOR, lkMotor> {
      |                                            ^
../Own/CallBack/CanCallback.cpp(8): warning: In file included from...
../Own/App\Motor/dmMotor.h(19): warning: In file included from...
../Own/Moudle\MyMath/MyMath.h(103): error: unknown type name 'consteval'; did you mean 'constexpr'?
  103 | consteval head static_scale_transmit(source value, source source_scale, head head_scale) {
      | ^~~~~~~~~
      | constexpr
../Own/Moudle\MyMath/MyMath.h(104): warning: variable declaration in a constexpr function is a C++14 extension [-Wc++14-extensions]
  104 |     head target = static_cast<float>(value * head_scale) / source_scale;
      |          ^
../Own/Moudle\MyMath/MyMath.h(117): error: unknown type name 'consteval'; did you mean 'constexpr'?
  117 | consteval float rad2deg(float rad) {
      | ^~~~~~~~~
      | constexpr
../Own/Moudle\MyMath/MyMath.h(120): error: unknown type name 'consteval'; did you mean 'constexpr'?
  120 | consteval float deg2rad(float deg) {
      | ^~~~~~~~~
      | constexpr
../Own/Moudle\MyMath/MyMath.h(123): error: unknown type name 'consteval'; did you mean 'constexpr'?
  123 | consteval float scale(float src, float head) {
      | ^~~~~~~~~
      | constexpr
../Own/CallBack/CanCallback.cpp(8): warning: In file included from...
../Own/App\Motor/dmMotor.h(52): error: expected function body after function declarator
   52 | void Motor<MOTOR>::readData(uint8_t *data) requires std::same_as<MOTOR, dmMotor>{
      |                                            ^
../Own/CallBack/CanCallback.cpp(10): warning: In file included from...
../Own/Obj\RoboArm/RoboArm.h(13): warning: In file included from...
../Own/Obj\RoboArm\RoboArmDep.h(8): warning: In file included from...
../Own/Moudle\Matrix/Matrix.h(70): warning: 'constexpr' non-static member function will not be implicitly 'const' in C++14; add 'const' to avoid a change in behavior [-Wconstexpr-not-const]
   70 |     constexpr uint32_t get_row() { return ROWS; }
      |                        ^
      |                                  const
../Own/Moudle\Matrix/Matrix.h(72): warning: 'constexpr' non-static member function will not be implicitly 'const' in C++14; add 'const' to avoid a change in behavior [-Wconstexpr-not-const]
   72 |     constexpr uint32_t get_col() { return COLS; }
      |                        ^
      |                                  const
../Own/Moudle\Matrix/Matrix.h(101): error: expected ';' at end of declaration list
  101 |     Matrix<ROWS, col> operator*(const Matrix<row, col>& other) const
      |                                                                     ^
      |                                                                     ;
../Own/Moudle\Matrix/Matrix.h(173): error: expected ';' at end of declaration list
  173 |     inline void assign_multiply(const Matrix<ROWS, clo>& first_matrix, const Matrix<row, COLS>& second_matrix)
      |                                                                                                               ^
      |                                                                                                               ;
../Own/Moudle\Matrix/Matrix.h(182): error: expected ';' at end of declaration list
  182 |     inline arm_status assign_inv(Matrix& scr_matrix)
      |                                                     ^
      |                                                     ;
../Own/Moudle\Matrix/Matrix.h(201): error: expected function body after function declarator
  201 |     requires(ROWS == COLS)
      |     ^
../Own/CallBack/CanCallback.cpp(10): warning: In file included from...
../Own/Obj\RoboArm/RoboArm.h(13): warning: In file included from...
../Own/Obj\RoboArm\RoboArmDep.h(37): error: unknown type name 'consteval'; did you mean 'constexpr'?
   37 |     consteval int16_t joint_scale(float angle, float scr, float head) {
      |     ^~~~~~~~~
      |     constexpr
../Own/Obj\RoboArm\RoboArmDep.h(41): error: unknown type name 'consteval'; did you mean 'constexpr'?
   41 |     consteval float joint_scale(float angle, float scale) {
      |     ^~~~~~~~~
      |     constexpr
../Own/CallBack/CanCallback.cpp(11): warning: In file included from...
../Own/Obj\Chassis/Chassis.h(11): warning: In file included from...
../Own/Obj\Chassis\chassis_dep.h(21): error: use of undeclared identifier 'M3508'
   21 |         Motor<M3508> left_front;
      |               ^
fatal error: too many errors emitted, stopping now [-ferror-limit=]
3 warnings and 20 errors generated.
compiling CanCallback.cpp...
../Own/Moudle/DoubleBuffer/DoubleBuffer.cpp(9): warning: decomposition declarations are a C++17 extension [-Wc++17-extensions]
    9 |     for (auto &[data, size, count]: buffers) {
      |                ^~~~~~~~~~~~~~~~~~~
1 warning generated.
compiling DoubleBuffer.cpp...
../Own/Moudle/Matrix/Matrix.cpp(5): warning: In file included from...
../Own/Moudle/Matrix\Matrix.h(70): warning: 'constexpr' non-static member function will not be implicitly 'const' in C++14; add 'const' to avoid a change in behavior [-Wconstexpr-not-const]
   70 |     constexpr uint32_t get_row() { return ROWS; }
      |                        ^
      |                                  const
../Own/Moudle/Matrix\Matrix.h(72): warning: 'constexpr' non-static member function will not be implicitly 'const' in C++14; add 'const' to avoid a change in behavior [-Wconstexpr-not-const]
   72 |     constexpr uint32_t get_col() { return COLS; }
      |                        ^
      |                                  const
../Own/Moudle/Matrix\Matrix.h(101): error: expected ';' at end of declaration list
  101 |     Matrix<ROWS, col> operator*(const Matrix<row, col>& other) const
      |                                                                     ^
      |                                                                     ;
../Own/Moudle/Matrix\Matrix.h(173): error: expected ';' at end of declaration list
  173 |     inline void assign_multiply(const Matrix<ROWS, clo>& first_matrix, const Matrix<row, COLS>& second_matrix)
      |                                                                                                               ^
      |                                                                                                               ;
../Own/Moudle/Matrix\Matrix.h(182): error: expected ';' at end of declaration list
  182 |     inline arm_status assign_inv(Matrix& scr_matrix)
      |                                                     ^
      |                                                     ;
../Own/Moudle/Matrix\Matrix.h(201): error: expected function body after function declarator
  201 |     requires(ROWS == COLS)
      |     ^
2 warnings and 4 errors generated.
compiling Matrix.cpp...
../Own/Obj/Chassis/Chassis.cpp(5): warning: In file included from...
../Own/Obj/Chassis\Chassis.h(11): warning: In file included from...
../Own/Obj/Chassis\chassis_dep.h(10): warning: In file included from...
../Own/App\Motor/Motor.h(46): error: class member cannot be redeclared
   46 |     void readData(uint8_t *data) requires std::same_as<MOTOR, dmMotor>;
      |          ^
../Own/App\Motor/Motor.h(45): note: previous declaration is here
   45 |     void readData(uint8_t *data);
      |          ^
../Own/App\Motor/Motor.h(46): error: expected ';' at end of declaration list
   46 |     void readData(uint8_t *data) requires std::same_as<MOTOR, dmMotor>;
      |                                 ^
      |                                 ;
../Own/App\Motor/Motor.h(47): error: class member cannot be redeclared
   47 |     void readData(uint8_t *data) requires std::same_as<MOTOR, lkMotor>;
      |          ^
../Own/App\Motor/Motor.h(45): note: previous declaration is here
   45 |     void readData(uint8_t *data);
      |          ^
../Own/App\Motor/Motor.h(47): error: expected ';' at end of declaration list
   47 |     void readData(uint8_t *data) requires std::same_as<MOTOR, lkMotor>;
      |                                 ^
      |                                 ;
../Own/App\Motor/Motor.h(48): error: class member cannot be redeclared
   48 |     void readData(uint8_t *data) requires std::same_as<MOTOR, lkMotorBoard>;
      |          ^
../Own/App\Motor/Motor.h(45): note: previous declaration is here
   45 |     void readData(uint8_t *data);
      |          ^
../Own/App\Motor/Motor.h(48): error: expected ';' at end of declaration list
   48 |     void readData(uint8_t *data) requires std::same_as<MOTOR, lkMotorBoard>;
      |                                 ^
      |                                 ;
../Own/Obj/Chassis/Chassis.cpp(5): warning: In file included from...
../Own/Obj/Chassis\Chassis.h(11): warning: In file included from...
../Own/Obj/Chassis\chassis_dep.h(11): warning: In file included from...
../Own/Moudle\MyMath/MyMath.h(103): error: unknown type name 'consteval'; did you mean 'constexpr'?
  103 | consteval head static_scale_transmit(source value, source source_scale, head head_scale) {
      | ^~~~~~~~~
      | constexpr
../Own/Moudle\MyMath/MyMath.h(104): warning: variable declaration in a constexpr function is a C++14 extension [-Wc++14-extensions]
  104 |     head target = static_cast<float>(value * head_scale) / source_scale;
      |          ^
../Own/Moudle\MyMath/MyMath.h(117): error: unknown type name 'consteval'; did you mean 'constexpr'?
  117 | consteval float rad2deg(float rad) {
      | ^~~~~~~~~
      | constexpr
../Own/Moudle\MyMath/MyMath.h(120): error: unknown type name 'consteval'; did you mean 'constexpr'?
  120 | consteval float deg2rad(float deg) {
      | ^~~~~~~~~
      | constexpr
../Own/Moudle\MyMath/MyMath.h(123): error: unknown type name 'consteval'; did you mean 'constexpr'?
  123 | consteval float scale(float src, float head) {
      | ^~~~~~~~~
      | constexpr
../Own/Obj/Chassis/Chassis.cpp(5): warning: In file included from...
../Own/Obj/Chassis\Chassis.h(11): warning: In file included from...
../Own/Obj/Chassis\chassis_dep.h(15): warning: In file included from...
../Own/App\Interact/Interact.h(11): warning: In file included from...
../Own/Obj\RoboArm/RoboArm.h(13): warning: In file included from...
../Own/Obj\RoboArm\RoboArmDep.h(8): warning: In file included from...
../Own/Moudle\Matrix/Matrix.h(70): warning: 'constexpr' non-static member function will not be implicitly 'const' in C++14; add 'const' to avoid a change in behavior [-Wconstexpr-not-const]
   70 |     constexpr uint32_t get_row() { return ROWS; }
      |                        ^
      |                                  const
../Own/Moudle\Matrix/Matrix.h(72): warning: 'constexpr' non-static member function will not be implicitly 'const' in C++14; add 'const' to avoid a change in behavior [-Wconstexpr-not-const]
   72 |     constexpr uint32_t get_col() { return COLS; }
      |                        ^
      |                                  const
../Own/Moudle\Matrix/Matrix.h(101): error: expected ';' at end of declaration list
  101 |     Matrix<ROWS, col> operator*(const Matrix<row, col>& other) const
      |                                                                     ^
      |                                                                     ;
../Own/Moudle\Matrix/Matrix.h(173): error: expected ';' at end of declaration list
  173 |     inline void assign_multiply(const Matrix<ROWS, clo>& first_matrix, const Matrix<row, COLS>& second_matrix)
      |                                                                                                               ^
      |                                                                                                               ;
../Own/Moudle\Matrix/Matrix.h(182): error: expected ';' at end of declaration list
  182 |     inline arm_status assign_inv(Matrix& scr_matrix)
      |                                                     ^
      |                                                     ;
../Own/Moudle\Matrix/Matrix.h(201): error: expected function body after function declarator
  201 |     requires(ROWS == COLS)
      |     ^
../Own/Obj/Chassis/Chassis.cpp(5): warning: In file included from...
../Own/Obj/Chassis\Chassis.h(11): warning: In file included from...
../Own/Obj/Chassis\chassis_dep.h(15): warning: In file included from...
../Own/App\Interact/Interact.h(11): warning: In file included from...
../Own/Obj\RoboArm/RoboArm.h(13): warning: In file included from...
../Own/Obj\RoboArm\RoboArmDep.h(9): warning: In file included from...
../Own/App\Motor/GM6020.h(41): error: use of undeclared identifier 'GM6020'
   41 | extern Motor<GM6020> gm6020;
      |              ^
../Own/Obj/Chassis/Chassis.cpp(5): warning: In file included from...
../Own/Obj/Chassis\Chassis.h(11): warning: In file included from...
../Own/Obj/Chassis\chassis_dep.h(15): warning: In file included from...
../Own/App\Interact/Interact.h(11): warning: In file included from...
../Own/Obj\RoboArm/RoboArm.h(13): warning: In file included from...
../Own/Obj\RoboArm\RoboArmDep.h(13): warning: In file included from...
../Own/App\Motor/dmMotor.h(52): error: expected function body after function declarator
   52 | void Motor<MOTOR>::readData(uint8_t *data) requires std::same_as<MOTOR, dmMotor>{
      |                                            ^
../Own/Obj/Chassis/Chassis.cpp(5): warning: In file included from...
../Own/Obj/Chassis\Chassis.h(11): warning: In file included from...
../Own/Obj/Chassis\chassis_dep.h(15): warning: In file included from...
../Own/App\Interact/Interact.h(11): warning: In file included from...
../Own/Obj\RoboArm/RoboArm.h(13): warning: In file included from...
../Own/Obj\RoboArm\RoboArmDep.h(14): warning: In file included from...
../Own/App\Motor/lkMotor.h(141): error: expected function body after function declarator
  141 | void Motor<MOTOR>::readData(uint8_t *data) requires std::same_as<MOTOR, lkMotor> {
      |                                            ^
../Own/Obj/Chassis/Chassis.cpp(5): warning: In file included from...
../Own/Obj/Chassis\Chassis.h(11): warning: In file included from...
../Own/Obj/Chassis\chassis_dep.h(15): warning: In file included from...
../Own/App\Interact/Interact.h(11): warning: In file included from...
../Own/Obj\RoboArm/RoboArm.h(13): warning: In file included from...
../Own/Obj\RoboArm\RoboArmDep.h(37): error: unknown type name 'consteval'; did you mean 'constexpr'?
   37 |     consteval int16_t joint_scale(float angle, float scr, float head) {
      |     ^~~~~~~~~
      |     constexpr
../Own/Obj\RoboArm\RoboArmDep.h(41): error: unknown type name 'consteval'; did you mean 'constexpr'?
   41 |     consteval float joint_scale(float angle, float scale) {
      |     ^~~~~~~~~
      |     constexpr
fatal error: too many errors emitted, stopping now [-ferror-limit=]
3 warnings and 20 errors generated.
compiling Chassis.cpp...
../Own/Obj/Chassis/chassis_dep.cpp(5): warning: In file included from...
../Own/Obj\Chassis/Chassis.h(11): warning: In file included from...
../Own/Obj\Chassis\chassis_dep.h(10): warning: In file included from...
../Own/App\Motor/Motor.h(46): error: class member cannot be redeclared
   46 |     void readData(uint8_t *data) requires std::same_as<MOTOR, dmMotor>;
      |          ^
../Own/App\Motor/Motor.h(45): note: previous declaration is here
   45 |     void readData(uint8_t *data);
      |          ^
../Own/App\Motor/Motor.h(46): error: expected ';' at end of declaration list
   46 |     void readData(uint8_t *data) requires std::same_as<MOTOR, dmMotor>;
      |                                 ^
      |                                 ;
../Own/App\Motor/Motor.h(47): error: class member cannot be redeclared
   47 |     void readData(uint8_t *data) requires std::same_as<MOTOR, lkMotor>;
      |          ^
../Own/App\Motor/Motor.h(45): note: previous declaration is here
   45 |     void readData(uint8_t *data);
      |          ^
../Own/App\Motor/Motor.h(47): error: expected ';' at end of declaration list
   47 |     void readData(uint8_t *data) requires std::same_as<MOTOR, lkMotor>;
      |                                 ^
      |                                 ;
../Own/App\Motor/Motor.h(48): error: class member cannot be redeclared
   48 |     void readData(uint8_t *data) requires std::same_as<MOTOR, lkMotorBoard>;
      |          ^
../Own/App\Motor/Motor.h(45): note: previous declaration is here
   45 |     void readData(uint8_t *data);
      |          ^
../Own/App\Motor/Motor.h(48): error: expected ';' at end of declaration list
   48 |     void readData(uint8_t *data) requires std::same_as<MOTOR, lkMotorBoard>;
      |                                 ^
      |                                 ;
../Own/Obj/Chassis/chassis_dep.cpp(5): warning: In file included from...
../Own/Obj\Chassis/Chassis.h(11): warning: In file included from...
../Own/Obj\Chassis\chassis_dep.h(11): warning: In file included from...
../Own/Moudle\MyMath/MyMath.h(103): error: unknown type name 'consteval'; did you mean 'constexpr'?
  103 | consteval head static_scale_transmit(source value, source source_scale, head head_scale) {
      | ^~~~~~~~~
      | constexpr
../Own/Moudle\MyMath/MyMath.h(104): warning: variable declaration in a constexpr function is a C++14 extension [-Wc++14-extensions]
  104 |     head target = static_cast<float>(value * head_scale) / source_scale;
      |          ^
../Own/Moudle\MyMath/MyMath.h(117): error: unknown type name 'consteval'; did you mean 'constexpr'?
  117 | consteval float rad2deg(float rad) {
      | ^~~~~~~~~
      | constexpr
../Own/Moudle\MyMath/MyMath.h(120): error: unknown type name 'consteval'; did you mean 'constexpr'?
  120 | consteval float deg2rad(float deg) {
      | ^~~~~~~~~
      | constexpr
../Own/Moudle\MyMath/MyMath.h(123): error: unknown type name 'consteval'; did you mean 'constexpr'?
  123 | consteval float scale(float src, float head) {
      | ^~~~~~~~~
      | constexpr
../Own/Obj/Chassis/chassis_dep.cpp(5): warning: In file included from...
../Own/Obj\Chassis/Chassis.h(11): warning: In file included from...
../Own/Obj\Chassis\chassis_dep.h(15): warning: In file included from...
../Own/App\Interact/Interact.h(11): warning: In file included from...
../Own/Obj\RoboArm/RoboArm.h(13): warning: In file included from...
../Own/Obj\RoboArm\RoboArmDep.h(8): warning: In file included from...
../Own/Moudle\Matrix/Matrix.h(70): warning: 'constexpr' non-static member function will not be implicitly 'const' in C++14; add 'const' to avoid a change in behavior [-Wconstexpr-not-const]
   70 |     constexpr uint32_t get_row() { return ROWS; }
      |                        ^
      |                                  const
../Own/Moudle\Matrix/Matrix.h(72): warning: 'constexpr' non-static member function will not be implicitly 'const' in C++14; add 'const' to avoid a change in behavior [-Wconstexpr-not-const]
   72 |     constexpr uint32_t get_col() { return COLS; }
      |                        ^
      |                                  const
../Own/Moudle\Matrix/Matrix.h(101): error: expected ';' at end of declaration list
  101 |     Matrix<ROWS, col> operator*(const Matrix<row, col>& other) const
      |                                                                     ^
      |                                                                     ;
../Own/Moudle\Matrix/Matrix.h(173): error: expected ';' at end of declaration list
  173 |     inline void assign_multiply(const Matrix<ROWS, clo>& first_matrix, const Matrix<row, COLS>& second_matrix)
      |                                                                                                               ^
      |                                                                                                               ;
../Own/Moudle\Matrix/Matrix.h(182): error: expected ';' at end of declaration list
  182 |     inline arm_status assign_inv(Matrix& scr_matrix)
      |                                                     ^
      |                                                     ;
../Own/Moudle\Matrix/Matrix.h(201): error: expected function body after function declarator
  201 |     requires(ROWS == COLS)
      |     ^
../Own/Obj/Chassis/chassis_dep.cpp(5): warning: In file included from...
../Own/Obj\Chassis/Chassis.h(11): warning: In file included from...
../Own/Obj\Chassis\chassis_dep.h(15): warning: In file included from...
../Own/App\Interact/Interact.h(11): warning: In file included from...
../Own/Obj\RoboArm/RoboArm.h(13): warning: In file included from...
../Own/Obj\RoboArm\RoboArmDep.h(9): warning: In file included from...
../Own/App\Motor/GM6020.h(41): error: use of undeclared identifier 'GM6020'
   41 | extern Motor<GM6020> gm6020;
      |              ^
../Own/Obj/Chassis/chassis_dep.cpp(5): warning: In file included from...
../Own/Obj\Chassis/Chassis.h(11): warning: In file included from...
../Own/Obj\Chassis\chassis_dep.h(15): warning: In file included from...
../Own/App\Interact/Interact.h(11): warning: In file included from...
../Own/Obj\RoboArm/RoboArm.h(13): warning: In file included from...
../Own/Obj\RoboArm\RoboArmDep.h(13): warning: In file included from...
../Own/App\Motor/dmMotor.h(52): error: expected function body after function declarator
   52 | void Motor<MOTOR>::readData(uint8_t *data) requires std::same_as<MOTOR, dmMotor>{
      |                                            ^
../Own/Obj/Chassis/chassis_dep.cpp(5): warning: In file included from...
../Own/Obj\Chassis/Chassis.h(11): warning: In file included from...
../Own/Obj\Chassis\chassis_dep.h(15): warning: In file included from...
../Own/App\Interact/Interact.h(11): warning: In file included from...
../Own/Obj\RoboArm/RoboArm.h(13): warning: In file included from...
../Own/Obj\RoboArm\RoboArmDep.h(14): warning: In file included from...
../Own/App\Motor/lkMotor.h(141): error: expected function body after function declarator
  141 | void Motor<MOTOR>::readData(uint8_t *data) requires std::same_as<MOTOR, lkMotor> {
      |                                            ^
../Own/Obj/Chassis/chassis_dep.cpp(5): warning: In file included from...
../Own/Obj\Chassis/Chassis.h(11): warning: In file included from...
../Own/Obj\Chassis\chassis_dep.h(15): warning: In file included from...
../Own/App\Interact/Interact.h(11): warning: In file included from...
../Own/Obj\RoboArm/RoboArm.h(13): warning: In file included from...
../Own/Obj\RoboArm\RoboArmDep.h(37): error: unknown type name 'consteval'; did you mean 'constexpr'?
   37 |     consteval int16_t joint_scale(float angle, float scr, float head) {
      |     ^~~~~~~~~
      |     constexpr
../Own/Obj\RoboArm\RoboArmDep.h(41): error: unknown type name 'consteval'; did you mean 'constexpr'?
   41 |     consteval float joint_scale(float angle, float scale) {
      |     ^~~~~~~~~
      |     constexpr
fatal error: too many errors emitted, stopping now [-ferror-limit=]
3 warnings and 20 errors generated.
compiling chassis_dep.cpp...
compiling Share.cpp...
../Own/Obj/RoboArm/RoboArm.cpp(5): warning: In file included from...
../Own/Obj/RoboArm\RoboArm.h(13): warning: In file included from...
../Own/Obj/RoboArm\RoboArmDep.h(8): warning: In file included from...
../Own/Moudle\Matrix/Matrix.h(70): warning: 'constexpr' non-static member function will not be implicitly 'const' in C++14; add 'const' to avoid a change in behavior [-Wconstexpr-not-const]
   70 |     constexpr uint32_t get_row() { return ROWS; }
      |                        ^
      |                                  const
../Own/Moudle\Matrix/Matrix.h(72): warning: 'constexpr' non-static member function will not be implicitly 'const' in C++14; add 'const' to avoid a change in behavior [-Wconstexpr-not-const]
   72 |     constexpr uint32_t get_col() { return COLS; }
      |                        ^
      |                                  const
../Own/Moudle\Matrix/Matrix.h(101): error: expected ';' at end of declaration list
  101 |     Matrix<ROWS, col> operator*(const Matrix<row, col>& other) const
      |                                                                     ^
      |                                                                     ;
../Own/Moudle\Matrix/Matrix.h(173): error: expected ';' at end of declaration list
  173 |     inline void assign_multiply(const Matrix<ROWS, clo>& first_matrix, const Matrix<row, COLS>& second_matrix)
      |                                                                                                               ^
      |                                                                                                               ;
../Own/Moudle\Matrix/Matrix.h(182): error: expected ';' at end of declaration list
  182 |     inline arm_status assign_inv(Matrix& scr_matrix)
      |                                                     ^
      |                                                     ;
../Own/Moudle\Matrix/Matrix.h(201): error: expected function body after function declarator
  201 |     requires(ROWS == COLS)
      |     ^
../Own/Obj/RoboArm/RoboArm.cpp(5): warning: In file included from...
../Own/Obj/RoboArm\RoboArm.h(13): warning: In file included from...
../Own/Obj/RoboArm\RoboArmDep.h(9): warning: In file included from...
../Own/App\Motor/GM6020.h(11): warning: In file included from...
../Own/App\Motor\FeedBack.h(8): warning: In file included from...
../Own/Bsp\CAN/SuperCan.h(28): error: unknown type name 'FDCAN_HandleTypeDef'
   28 |     SuperCan(FDCAN_HandleTypeDef *_hcan, uint32_t _fifo, uint32_t _fifo_start);
      |              ^
../Own/Bsp\CAN/SuperCan.h(32): error: unknown type name 'filter_mode'
   32 |     void filter_config(uint16_t filter_number, filter_mode filterMode = MASK, uint32_t reg_1 = 0, uint32_t reg_2 = 0);
      |                                                ^
../Own/Bsp\CAN/SuperCan.h(47): error: unknown type name 'FDCAN_RxHeaderTypeDef'
   47 |     FDCAN_RxHeaderTypeDef* read_header();
      |     ^
../Own/Bsp\CAN/SuperCan.h(51): error: unknown type name 'FDCAN_HandleTypeDef'
   51 |     friend void::HAL_FDCAN_RxFifo0Callback(FDCAN_HandleTypeDef *hfdcan, uint32_t RxFifo0ITs);
      |                                            ^
../Own/Bsp\CAN/SuperCan.h(53): error: unknown type name 'FDCAN_HandleTypeDef'
   53 |     friend void::HAL_FDCAN_RxFifo1Callback(FDCAN_HandleTypeDef *hfdcan, uint32_t RxFifo1ITs);
      |                                            ^
../Own/Bsp\CAN/SuperCan.h(59): error: unknown type name 'FDCAN_HandleTypeDef'
   59 |     FDCAN_HandleTypeDef *hcan;
      |     ^
../Own/Bsp\CAN/SuperCan.h(60): error: unknown type name 'FDCAN_TxHeaderTypeDef'
   60 |     FDCAN_TxHeaderTypeDef tx_header{};
      |     ^
../Own/Bsp\CAN/SuperCan.h(61): error: unknown type name 'FDCAN_RxHeaderTypeDef'
   61 |     FDCAN_RxHeaderTypeDef rx_header{};
      |     ^
../Own/Bsp\CAN/SuperCan.h(32): error: use of undeclared identifier 'MASK'
   32 |     void filter_config(uint16_t filter_number, filter_mode filterMode = MASK, uint32_t reg_1 = 0, uint32_t reg_2 = 0);
      |                                                                         ^
../Own/Bsp\CAN/SuperCan.h(96): error: use of undeclared identifier 'HAL_OK'
   96 |     if (HAL_FDCAN_AddMessageToTxFifoQ(hcan, &tx_header, tx_data) != HAL_OK) {
      |                                                                     ^
../Own/Bsp\CAN/SuperCan.h(105): error: unknown type name 'FDCAN_RxHeaderTypeDef'
  105 | inline FDCAN_RxHeaderTypeDef* SuperCan::read_header() {
      |        ^
../Own/Obj/RoboArm/RoboArm.cpp(5): warning: In file included from...
../Own/Obj/RoboArm\RoboArm.h(13): warning: In file included from...
../Own/Obj/RoboArm\RoboArmDep.h(9): warning: In file included from...
../Own/App\Motor/GM6020.h(11): warning: In file included from...
../Own/App\Motor\FeedBack.h(10): warning: In file included from...
../Own/Moudle\Detect/Detect.h(54): error: use of undeclared identifier 'HAL_GetTick'
   54 |         return HAL_GetTick();
      |                ^
../Own/Obj/RoboArm/RoboArm.cpp(5): warning: In file included from...
../Own/Obj/RoboArm\RoboArm.h(13): warning: In file included from...
../Own/Obj/RoboArm\RoboArmDep.h(9): warning: In file included from...
../Own/App\Motor/GM6020.h(12): warning: In file included from...
../Own/App\Motor\Motor.h(46): error: class member cannot be redeclared
   46 |     void readData(uint8_t *data) requires std::same_as<MOTOR, dmMotor>;
      |          ^
../Own/App\Motor\Motor.h(45): note: previous declaration is here
   45 |     void readData(uint8_t *data);
      |          ^
../Own/App\Motor\Motor.h(46): error: expected ';' at end of declaration list
   46 |     void readData(uint8_t *data) requires std::same_as<MOTOR, dmMotor>;
      |                                 ^
      |                                 ;
../Own/App\Motor\Motor.h(47): error: class member cannot be redeclared
   47 |     void readData(uint8_t *data) requires std::same_as<MOTOR, lkMotor>;
      |          ^
../Own/App\Motor\Motor.h(45): note: previous declaration is here
   45 |     void readData(uint8_t *data);
      |          ^
fatal error: too many errors emitted, stopping now [-ferror-limit=]
2 warnings and 20 errors generated.
compiling RoboArm.cpp...
compiling Thread.cpp...
../Own/Obj/RoboArm/RoboArmDep.cpp(5): warning: In file included from...
../Own/Obj/RoboArm\RoboArmDep.h(8): warning: In file included from...
../Own/Moudle\Matrix/Matrix.h(70): warning: 'constexpr' non-static member function will not be implicitly 'const' in C++14; add 'const' to avoid a change in behavior [-Wconstexpr-not-const]
   70 |     constexpr uint32_t get_row() { return ROWS; }
      |                        ^
      |                                  const
../Own/Moudle\Matrix/Matrix.h(72): warning: 'constexpr' non-static member function will not be implicitly 'const' in C++14; add 'const' to avoid a change in behavior [-Wconstexpr-not-const]
   72 |     constexpr uint32_t get_col() { return COLS; }
      |                        ^
      |                                  const
../Own/Moudle\Matrix/Matrix.h(101): error: expected ';' at end of declaration list
  101 |     Matrix<ROWS, col> operator*(const Matrix<row, col>& other) const
      |                                                                     ^
      |                                                                     ;
../Own/Moudle\Matrix/Matrix.h(173): error: expected ';' at end of declaration list
  173 |     inline void assign_multiply(const Matrix<ROWS, clo>& first_matrix, const Matrix<row, COLS>& second_matrix)
      |                                                                                                               ^
      |                                                                                                               ;
../Own/Moudle\Matrix/Matrix.h(182): error: expected ';' at end of declaration list
  182 |     inline arm_status assign_inv(Matrix& scr_matrix)
      |                                                     ^
      |                                                     ;
../Own/Moudle\Matrix/Matrix.h(201): error: expected function body after function declarator
  201 |     requires(ROWS == COLS)
      |     ^
../Own/Obj/RoboArm/RoboArmDep.cpp(5): warning: In file included from...
../Own/Obj/RoboArm\RoboArmDep.h(9): warning: In file included from...
../Own/App\Motor/GM6020.h(11): warning: In file included from...
../Own/App\Motor\FeedBack.h(8): warning: In file included from...
../Own/Bsp\CAN/SuperCan.h(28): error: unknown type name 'FDCAN_HandleTypeDef'
   28 |     SuperCan(FDCAN_HandleTypeDef *_hcan, uint32_t _fifo, uint32_t _fifo_start);
      |              ^
../Own/Bsp\CAN/SuperCan.h(32): error: unknown type name 'filter_mode'
   32 |     void filter_config(uint16_t filter_number, filter_mode filterMode = MASK, uint32_t reg_1 = 0, uint32_t reg_2 = 0);
      |                                                ^
../Own/Bsp\CAN/SuperCan.h(47): error: unknown type name 'FDCAN_RxHeaderTypeDef'
   47 |     FDCAN_RxHeaderTypeDef* read_header();
      |     ^
../Own/Bsp\CAN/SuperCan.h(51): error: unknown type name 'FDCAN_HandleTypeDef'
   51 |     friend void::HAL_FDCAN_RxFifo0Callback(FDCAN_HandleTypeDef *hfdcan, uint32_t RxFifo0ITs);
      |                                            ^
../Own/Bsp\CAN/SuperCan.h(53): error: unknown type name 'FDCAN_HandleTypeDef'
   53 |     friend void::HAL_FDCAN_RxFifo1Callback(FDCAN_HandleTypeDef *hfdcan, uint32_t RxFifo1ITs);
      |                                            ^
../Own/Bsp\CAN/SuperCan.h(59): error: unknown type name 'FDCAN_HandleTypeDef'
   59 |     FDCAN_HandleTypeDef *hcan;
      |     ^
../Own/Bsp\CAN/SuperCan.h(60): error: unknown type name 'FDCAN_TxHeaderTypeDef'
   60 |     FDCAN_TxHeaderTypeDef tx_header{};
      |     ^
../Own/Bsp\CAN/SuperCan.h(61): error: unknown type name 'FDCAN_RxHeaderTypeDef'
   61 |     FDCAN_RxHeaderTypeDef rx_header{};
      |     ^
../Own/Bsp\CAN/SuperCan.h(32): error: use of undeclared identifier 'MASK'
   32 |     void filter_config(uint16_t filter_number, filter_mode filterMode = MASK, uint32_t reg_1 = 0, uint32_t reg_2 = 0);
      |                                                                         ^
../Own/Bsp\CAN/SuperCan.h(96): error: use of undeclared identifier 'HAL_OK'
   96 |     if (HAL_FDCAN_AddMessageToTxFifoQ(hcan, &tx_header, tx_data) != HAL_OK) {
      |                                                                     ^
../Own/Bsp\CAN/SuperCan.h(105): error: unknown type name 'FDCAN_RxHeaderTypeDef'
  105 | inline FDCAN_RxHeaderTypeDef* SuperCan::read_header() {
      |        ^
../Own/Obj/RoboArm/RoboArmDep.cpp(5): warning: In file included from...
../Own/Obj/RoboArm\RoboArmDep.h(9): warning: In file included from...
../Own/App\Motor/GM6020.h(11): warning: In file included from...
../Own/App\Motor\FeedBack.h(10): warning: In file included from...
../Own/Moudle\Detect/Detect.h(54): error: use of undeclared identifier 'HAL_GetTick'
   54 |         return HAL_GetTick();
      |                ^
../Own/Obj/RoboArm/RoboArmDep.cpp(5): warning: In file included from...
../Own/Obj/RoboArm\RoboArmDep.h(9): warning: In file included from...
../Own/App\Motor/GM6020.h(12): warning: In file included from...
../Own/App\Motor\Motor.h(46): error: class member cannot be redeclared
   46 |     void readData(uint8_t *data) requires std::same_as<MOTOR, dmMotor>;
      |          ^
../Own/App\Motor\Motor.h(45): note: previous declaration is here
   45 |     void readData(uint8_t *data);
      |          ^
../Own/App\Motor\Motor.h(46): error: expected ';' at end of declaration list
   46 |     void readData(uint8_t *data) requires std::same_as<MOTOR, dmMotor>;
      |                                 ^
      |                                 ;
../Own/App\Motor\Motor.h(47): error: class member cannot be redeclared
   47 |     void readData(uint8_t *data) requires std::same_as<MOTOR, lkMotor>;
      |          ^
../Own/App\Motor\Motor.h(45): note: previous declaration is here
   45 |     void readData(uint8_t *data);
      |          ^
fatal error: too many errors emitted, stopping now [-ferror-limit=]
2 warnings and 20 errors generated.
compiling RoboArmDep.cpp...
compiling DetectTask.cpp...
compiling IMUTask.cpp...
compiling LedTask.cpp...
../Own/OperateSystem/Thread/ErrorTask.cpp(19): warning: In file included from...
../Own/App\Motor/Motor.h(46): error: class member cannot be redeclared
   46 |     void readData(uint8_t *data) requires std::same_as<MOTOR, dmMotor>;
      |          ^
../Own/App\Motor/Motor.h(45): note: previous declaration is here
   45 |     void readData(uint8_t *data);
      |          ^
../Own/App\Motor/Motor.h(46): error: expected ';' at end of declaration list
   46 |     void readData(uint8_t *data) requires std::same_as<MOTOR, dmMotor>;
      |                                 ^
      |                                 ;
../Own/App\Motor/Motor.h(47): error: class member cannot be redeclared
   47 |     void readData(uint8_t *data) requires std::same_as<MOTOR, lkMotor>;
      |          ^
../Own/App\Motor/Motor.h(45): note: previous declaration is here
   45 |     void readData(uint8_t *data);
      |          ^
../Own/App\Motor/Motor.h(47): error: expected ';' at end of declaration list
   47 |     void readData(uint8_t *data) requires std::same_as<MOTOR, lkMotor>;
      |                                 ^
      |                                 ;
../Own/App\Motor/Motor.h(48): error: class member cannot be redeclared
   48 |     void readData(uint8_t *data) requires std::same_as<MOTOR, lkMotorBoard>;
      |          ^
../Own/App\Motor/Motor.h(45): note: previous declaration is here
   45 |     void readData(uint8_t *data);
      |          ^
../Own/App\Motor/Motor.h(48): error: expected ';' at end of declaration list
   48 |     void readData(uint8_t *data) requires std::same_as<MOTOR, lkMotorBoard>;
      |                                 ^
      |                                 ;
../Own/OperateSystem/Thread/ErrorTask.cpp(21): warning: In file included from...
../Own/App\Motor/lkMotor.h(141): error: expected function body after function declarator
  141 | void Motor<MOTOR>::readData(uint8_t *data) requires std::same_as<MOTOR, lkMotor> {
      |                                            ^
../Own/OperateSystem/Thread/ErrorTask.cpp(22): warning: In file included from...
../Own/Obj\RoboArm/RoboArm.h(13): warning: In file included from...
../Own/Obj\RoboArm\RoboArmDep.h(8): warning: In file included from...
../Own/Moudle\Matrix/Matrix.h(70): warning: 'constexpr' non-static member function will not be implicitly 'const' in C++14; add 'const' to avoid a change in behavior [-Wconstexpr-not-const]
   70 |     constexpr uint32_t get_row() { return ROWS; }
      |                        ^
      |                                  const
../Own/Moudle\Matrix/Matrix.h(72): warning: 'constexpr' non-static member function will not be implicitly 'const' in C++14; add 'const' to avoid a change in behavior [-Wconstexpr-not-const]
   72 |     constexpr uint32_t get_col() { return COLS; }
      |                        ^
      |                                  const
../Own/Moudle\Matrix/Matrix.h(101): error: expected ';' at end of declaration list
  101 |     Matrix<ROWS, col> operator*(const Matrix<row, col>& other) const
      |                                                                     ^
      |                                                                     ;
../Own/Moudle\Matrix/Matrix.h(173): error: expected ';' at end of declaration list
  173 |     inline void assign_multiply(const Matrix<ROWS, clo>& first_matrix, const Matrix<row, COLS>& second_matrix)
      |                                                                                                               ^
      |                                                                                                               ;
../Own/Moudle\Matrix/Matrix.h(182): error: expected ';' at end of declaration list
  182 |     inline arm_status assign_inv(Matrix& scr_matrix)
      |                                                     ^
      |                                                     ;
../Own/Moudle\Matrix/Matrix.h(201): error: expected function body after function declarator
  201 |     requires(ROWS == COLS)
      |     ^
../Own/OperateSystem/Thread/ErrorTask.cpp(22): warning: In file included from...
../Own/Obj\RoboArm/RoboArm.h(13): warning: In file included from...
../Own/Obj\RoboArm\RoboArmDep.h(9): warning: In file included from...
../Own/App\Motor/GM6020.h(41): error: use of undeclared identifier 'GM6020'
   41 | extern Motor<GM6020> gm6020;
      |              ^
../Own/OperateSystem/Thread/ErrorTask.cpp(22): warning: In file included from...
../Own/Obj\RoboArm/RoboArm.h(13): warning: In file included from...
../Own/Obj\RoboArm\RoboArmDep.h(13): warning: In file included from...
../Own/App\Motor/dmMotor.h(19): warning: In file included from...
../Own/Moudle\MyMath/MyMath.h(103): error: unknown type name 'consteval'; did you mean 'constexpr'?
  103 | consteval head static_scale_transmit(source value, source source_scale, head head_scale) {
      | ^~~~~~~~~
      | constexpr
../Own/Moudle\MyMath/MyMath.h(104): warning: variable declaration in a constexpr function is a C++14 extension [-Wc++14-extensions]
  104 |     head target = static_cast<float>(value * head_scale) / source_scale;
      |          ^
../Own/Moudle\MyMath/MyMath.h(117): error: unknown type name 'consteval'; did you mean 'constexpr'?
  117 | consteval float rad2deg(float rad) {
      | ^~~~~~~~~
      | constexpr
../Own/Moudle\MyMath/MyMath.h(120): error: unknown type name 'consteval'; did you mean 'constexpr'?
  120 | consteval float deg2rad(float deg) {
      | ^~~~~~~~~
      | constexpr
../Own/Moudle\MyMath/MyMath.h(123): error: unknown type name 'consteval'; did you mean 'constexpr'?
  123 | consteval float scale(float src, float head) {
      | ^~~~~~~~~
      | constexpr
../Own/OperateSystem/Thread/ErrorTask.cpp(22): warning: In file included from...
../Own/Obj\RoboArm/RoboArm.h(13): warning: In file included from...
../Own/Obj\RoboArm\RoboArmDep.h(13): warning: In file included from...
../Own/App\Motor/dmMotor.h(52): error: expected function body after function declarator
   52 | void Motor<MOTOR>::readData(uint8_t *data) requires std::same_as<MOTOR, dmMotor>{
      |                                            ^
../Own/OperateSystem/Thread/ErrorTask.cpp(22): warning: In file included from...
../Own/Obj\RoboArm/RoboArm.h(13): warning: In file included from...
../Own/Obj\RoboArm\RoboArmDep.h(37): error: unknown type name 'consteval'; did you mean 'constexpr'?
   37 |     consteval int16_t joint_scale(float angle, float scr, float head) {
      |     ^~~~~~~~~
      |     constexpr
../Own/Obj\RoboArm\RoboArmDep.h(41): error: unknown type name 'consteval'; did you mean 'constexpr'?
   41 |     consteval float joint_scale(float angle, float scale) {
      |     ^~~~~~~~~
      |     constexpr
3 warnings and 19 errors generated.
compiling ErrorTask.cpp...
../Own/OperateSystem/Thread/DJITask.cpp(6): warning: In file included from...
../Own/App\Motor/lkMotor.h(138): warning: In file included from...
../Own/App\Motor\Motor.h(46): error: class member cannot be redeclared
   46 |     void readData(uint8_t *data) requires std::same_as<MOTOR, dmMotor>;
      |          ^
../Own/App\Motor\Motor.h(45): note: previous declaration is here
   45 |     void readData(uint8_t *data);
      |          ^
../Own/App\Motor\Motor.h(46): error: expected ';' at end of declaration list
   46 |     void readData(uint8_t *data) requires std::same_as<MOTOR, dmMotor>;
      |                                 ^
      |                                 ;
../Own/App\Motor\Motor.h(47): error: class member cannot be redeclared
   47 |     void readData(uint8_t *data) requires std::same_as<MOTOR, lkMotor>;
      |          ^
../Own/App\Motor\Motor.h(45): note: previous declaration is here
   45 |     void readData(uint8_t *data);
      |          ^
../Own/App\Motor\Motor.h(47): error: expected ';' at end of declaration list
   47 |     void readData(uint8_t *data) requires std::same_as<MOTOR, lkMotor>;
      |                                 ^
      |                                 ;
../Own/App\Motor\Motor.h(48): error: class member cannot be redeclared
   48 |     void readData(uint8_t *data) requires std::same_as<MOTOR, lkMotorBoard>;
      |          ^
../Own/App\Motor\Motor.h(45): note: previous declaration is here
   45 |     void readData(uint8_t *data);
      |          ^
../Own/App\Motor\Motor.h(48): error: expected ';' at end of declaration list
   48 |     void readData(uint8_t *data) requires std::same_as<MOTOR, lkMotorBoard>;
      |                                 ^
      |                                 ;
../Own/OperateSystem/Thread/DJITask.cpp(6): warning: In file included from...
../Own/App\Motor/lkMotor.h(141): error: expected function body after function declarator
  141 | void Motor<MOTOR>::readData(uint8_t *data) requires std::same_as<MOTOR, lkMotor> {
      |                                            ^
../Own/OperateSystem/Thread/DJITask.cpp(11): warning: In file included from...
../Own/Obj\RoboArm/RoboArm.h(13): warning: In file included from...
../Own/Obj\RoboArm\RoboArmDep.h(8): warning: In file included from...
../Own/Moudle\Matrix/Matrix.h(70): warning: 'constexpr' non-static member function will not be implicitly 'const' in C++14; add 'const' to avoid a change in behavior [-Wconstexpr-not-const]
   70 |     constexpr uint32_t get_row() { return ROWS; }
      |                        ^
      |                                  const
../Own/Moudle\Matrix/Matrix.h(72): warning: 'constexpr' non-static member function will not be implicitly 'const' in C++14; add 'const' to avoid a change in behavior [-Wconstexpr-not-const]
   72 |     constexpr uint32_t get_col() { return COLS; }
      |                        ^
      |                                  const
../Own/Moudle\Matrix/Matrix.h(101): error: expected ';' at end of declaration list
  101 |     Matrix<ROWS, col> operator*(const Matrix<row, col>& other) const
      |                                                                     ^
      |                                                                     ;
../Own/Moudle\Matrix/Matrix.h(173): error: expected ';' at end of declaration list
  173 |     inline void assign_multiply(const Matrix<ROWS, clo>& first_matrix, const Matrix<row, COLS>& second_matrix)
      |                                                                                                               ^
      |                                                                                                               ;
../Own/Moudle\Matrix/Matrix.h(182): error: expected ';' at end of declaration list
  182 |     inline arm_status assign_inv(Matrix& scr_matrix)
      |                                                     ^
      |                                                     ;
../Own/Moudle\Matrix/Matrix.h(201): error: expected function body after function declarator
  201 |     requires(ROWS == COLS)
      |     ^
../Own/OperateSystem/Thread/DJITask.cpp(11): warning: In file included from...
../Own/Obj\RoboArm/RoboArm.h(13): warning: In file included from...
../Own/Obj\RoboArm\RoboArmDep.h(13): warning: In file included from...
../Own/App\Motor/dmMotor.h(19): warning: In file included from...
../Own/Moudle\MyMath/MyMath.h(103): error: unknown type name 'consteval'; did you mean 'constexpr'?
  103 | consteval head static_scale_transmit(source value, source source_scale, head head_scale) {
      | ^~~~~~~~~
      | constexpr
../Own/Moudle\MyMath/MyMath.h(104): warning: variable declaration in a constexpr function is a C++14 extension [-Wc++14-extensions]
  104 |     head target = static_cast<float>(value * head_scale) / source_scale;
      |          ^
../Own/Moudle\MyMath/MyMath.h(117): error: unknown type name 'consteval'; did you mean 'constexpr'?
  117 | consteval float rad2deg(float rad) {
      | ^~~~~~~~~
      | constexpr
../Own/Moudle\MyMath/MyMath.h(120): error: unknown type name 'consteval'; did you mean 'constexpr'?
  120 | consteval float deg2rad(float deg) {
      | ^~~~~~~~~
      | constexpr
../Own/Moudle\MyMath/MyMath.h(123): error: unknown type name 'consteval'; did you mean 'constexpr'?
  123 | consteval float scale(float src, float head) {
      | ^~~~~~~~~
      | constexpr
../Own/OperateSystem/Thread/DJITask.cpp(11): warning: In file included from...
../Own/Obj\RoboArm/RoboArm.h(13): warning: In file included from...
../Own/Obj\RoboArm\RoboArmDep.h(13): warning: In file included from...
../Own/App\Motor/dmMotor.h(52): error: expected function body after function declarator
   52 | void Motor<MOTOR>::readData(uint8_t *data) requires std::same_as<MOTOR, dmMotor>{
      |                                            ^
../Own/OperateSystem/Thread/DJITask.cpp(11): warning: In file included from...
../Own/Obj\RoboArm/RoboArm.h(13): warning: In file included from...
../Own/Obj\RoboArm\RoboArmDep.h(37): error: unknown type name 'consteval'; did you mean 'constexpr'?
   37 |     consteval int16_t joint_scale(float angle, float scr, float head) {
      |     ^~~~~~~~~
      |     constexpr
../Own/Obj\RoboArm\RoboArmDep.h(41): error: unknown type name 'consteval'; did you mean 'constexpr'?
   41 |     consteval float joint_scale(float angle, float scale) {
      |     ^~~~~~~~~
      |     constexpr
../Own/OperateSystem/Thread/DJITask.cpp(6): warning: In file included from...
../Own/App\Motor/lkMotor.h(138): warning: In file included from...
../Own/App\Motor\Motor.h(39): error: field has incomplete type 'M2006'
   39 |     MOTOR motor;
      |           ^
../Own/Obj\RoboArm\RoboArmDep.h(172): note: in instantiation of template class 'Motor<M2006>' requested here
  172 |     Motor<M2006> left;
      |                  ^
../Own/App\Motor\Motor.h(27): note: forward declaration of 'M2006'
   27 | class M2006;
      |       ^
fatal error: too many errors emitted, stopping now [-ferror-limit=]
3 warnings and 20 errors generated.
compiling DJITask.cpp...
../Own/OperateSystem/Thread/LKTask.cpp(7): warning: In file included from...
../Own/App\Motor/lkMotor.h(138): warning: In file included from...
../Own/App\Motor\Motor.h(46): error: class member cannot be redeclared
   46 |     void readData(uint8_t *data) requires std::same_as<MOTOR, dmMotor>;
      |          ^
../Own/App\Motor\Motor.h(45): note: previous declaration is here
   45 |     void readData(uint8_t *data);
      |          ^
../Own/App\Motor\Motor.h(46): error: expected ';' at end of declaration list
   46 |     void readData(uint8_t *data) requires std::same_as<MOTOR, dmMotor>;
      |                                 ^
      |                                 ;
../Own/App\Motor\Motor.h(47): error: class member cannot be redeclared
   47 |     void readData(uint8_t *data) requires std::same_as<MOTOR, lkMotor>;
      |          ^
../Own/App\Motor\Motor.h(45): note: previous declaration is here
   45 |     void readData(uint8_t *data);
      |          ^
../Own/App\Motor\Motor.h(47): error: expected ';' at end of declaration list
   47 |     void readData(uint8_t *data) requires std::same_as<MOTOR, lkMotor>;
      |                                 ^
      |                                 ;
../Own/App\Motor\Motor.h(48): error: class member cannot be redeclared
   48 |     void readData(uint8_t *data) requires std::same_as<MOTOR, lkMotorBoard>;
      |          ^
../Own/App\Motor\Motor.h(45): note: previous declaration is here
   45 |     void readData(uint8_t *data);
      |          ^
../Own/App\Motor\Motor.h(48): error: expected ';' at end of declaration list
   48 |     void readData(uint8_t *data) requires std::same_as<MOTOR, lkMotorBoard>;
      |                                 ^
      |                                 ;
../Own/OperateSystem/Thread/LKTask.cpp(7): warning: In file included from...
../Own/App\Motor/lkMotor.h(141): error: expected function body after function declarator
  141 | void Motor<MOTOR>::readData(uint8_t *data) requires std::same_as<MOTOR, lkMotor> {
      |                                            ^
../Own/OperateSystem/Thread/LKTask.cpp(12): warning: In file included from...
../Own/Obj\RoboArm/RoboArm.h(13): warning: In file included from...
../Own/Obj\RoboArm\RoboArmDep.h(8): warning: In file included from...
../Own/Moudle\Matrix/Matrix.h(70): warning: 'constexpr' non-static member function will not be implicitly 'const' in C++14; add 'const' to avoid a change in behavior [-Wconstexpr-not-const]
   70 |     constexpr uint32_t get_row() { return ROWS; }
      |                        ^
      |                                  const
../Own/Moudle\Matrix/Matrix.h(72): warning: 'constexpr' non-static member function will not be implicitly 'const' in C++14; add 'const' to avoid a change in behavior [-Wconstexpr-not-const]
   72 |     constexpr uint32_t get_col() { return COLS; }
      |                        ^
      |                                  const
../Own/Moudle\Matrix/Matrix.h(101): error: expected ';' at end of declaration list
  101 |     Matrix<ROWS, col> operator*(const Matrix<row, col>& other) const
      |                                                                     ^
      |                                                                     ;
../Own/Moudle\Matrix/Matrix.h(173): error: expected ';' at end of declaration list
  173 |     inline void assign_multiply(const Matrix<ROWS, clo>& first_matrix, const Matrix<row, COLS>& second_matrix)
      |                                                                                                               ^
      |                                                                                                               ;
../Own/Moudle\Matrix/Matrix.h(182): error: expected ';' at end of declaration list
  182 |     inline arm_status assign_inv(Matrix& scr_matrix)
      |                                                     ^
      |                                                     ;
../Own/Moudle\Matrix/Matrix.h(201): error: expected function body after function declarator
  201 |     requires(ROWS == COLS)
      |     ^
../Own/OperateSystem/Thread/LKTask.cpp(12): warning: In file included from...
../Own/Obj\RoboArm/RoboArm.h(13): warning: In file included from...
../Own/Obj\RoboArm\RoboArmDep.h(13): warning: In file included from...
../Own/App\Motor/dmMotor.h(19): warning: In file included from...
../Own/Moudle\MyMath/MyMath.h(103): error: unknown type name 'consteval'; did you mean 'constexpr'?
  103 | consteval head static_scale_transmit(source value, source source_scale, head head_scale) {
      | ^~~~~~~~~
      | constexpr
../Own/Moudle\MyMath/MyMath.h(104): warning: variable declaration in a constexpr function is a C++14 extension [-Wc++14-extensions]
  104 |     head target = static_cast<float>(value * head_scale) / source_scale;
      |          ^
../Own/Moudle\MyMath/MyMath.h(117): error: unknown type name 'consteval'; did you mean 'constexpr'?
  117 | consteval float rad2deg(float rad) {
      | ^~~~~~~~~
      | constexpr
../Own/Moudle\MyMath/MyMath.h(120): error: unknown type name 'consteval'; did you mean 'constexpr'?
  120 | consteval float deg2rad(float deg) {
      | ^~~~~~~~~
      | constexpr
../Own/Moudle\MyMath/MyMath.h(123): error: unknown type name 'consteval'; did you mean 'constexpr'?
  123 | consteval float scale(float src, float head) {
      | ^~~~~~~~~
      | constexpr
../Own/OperateSystem/Thread/LKTask.cpp(12): warning: In file included from...
../Own/Obj\RoboArm/RoboArm.h(13): warning: In file included from...
../Own/Obj\RoboArm\RoboArmDep.h(13): warning: In file included from...
../Own/App\Motor/dmMotor.h(52): error: expected function body after function declarator
   52 | void Motor<MOTOR>::readData(uint8_t *data) requires std::same_as<MOTOR, dmMotor>{
      |                                            ^
../Own/OperateSystem/Thread/LKTask.cpp(12): warning: In file included from...
../Own/Obj\RoboArm/RoboArm.h(13): warning: In file included from...
../Own/Obj\RoboArm\RoboArmDep.h(37): error: unknown type name 'consteval'; did you mean 'constexpr'?
   37 |     consteval int16_t joint_scale(float angle, float scr, float head) {
      |     ^~~~~~~~~
      |     constexpr
../Own/Obj\RoboArm\RoboArmDep.h(41): error: unknown type name 'consteval'; did you mean 'constexpr'?
   41 |     consteval float joint_scale(float angle, float scale) {
      |     ^~~~~~~~~
      |     constexpr
../Own/OperateSystem/Thread/LKTask.cpp(7): warning: In file included from...
../Own/App\Motor/lkMotor.h(138): warning: In file included from...
../Own/App\Motor\Motor.h(39): error: field has incomplete type 'M2006'
   39 |     MOTOR motor;
      |           ^
../Own/Obj\RoboArm\RoboArmDep.h(172): note: in instantiation of template class 'Motor<M2006>' requested here
  172 |     Motor<M2006> left;
      |                  ^
../Own/App\Motor\Motor.h(27): note: forward declaration of 'M2006'
   27 | class M2006;
      |       ^
3 warnings and 19 errors generated.
compiling LKTask.cpp...
../Own/OperateSystem/Thread/PCTask.cpp(6): warning: In file included from...
../Own/App\Motor/Motor.h(46): error: class member cannot be redeclared
   46 |     void readData(uint8_t *data) requires std::same_as<MOTOR, dmMotor>;
      |          ^
../Own/App\Motor/Motor.h(45): note: previous declaration is here
   45 |     void readData(uint8_t *data);
      |          ^
../Own/App\Motor/Motor.h(46): error: expected ';' at end of declaration list
   46 |     void readData(uint8_t *data) requires std::same_as<MOTOR, dmMotor>;
      |                                 ^
      |                                 ;
../Own/App\Motor/Motor.h(47): error: class member cannot be redeclared
   47 |     void readData(uint8_t *data) requires std::same_as<MOTOR, lkMotor>;
      |          ^
../Own/App\Motor/Motor.h(45): note: previous declaration is here
   45 |     void readData(uint8_t *data);
      |          ^
../Own/App\Motor/Motor.h(47): error: expected ';' at end of declaration list
   47 |     void readData(uint8_t *data) requires std::same_as<MOTOR, lkMotor>;
      |                                 ^
      |                                 ;
../Own/App\Motor/Motor.h(48): error: class member cannot be redeclared
   48 |     void readData(uint8_t *data) requires std::same_as<MOTOR, lkMotorBoard>;
      |          ^
../Own/App\Motor/Motor.h(45): note: previous declaration is here
   45 |     void readData(uint8_t *data);
      |          ^
../Own/App\Motor/Motor.h(48): error: expected ';' at end of declaration list
   48 |     void readData(uint8_t *data) requires std::same_as<MOTOR, lkMotorBoard>;
      |                                 ^
      |                                 ;
../Own/OperateSystem/Thread/PCTask.cpp(7): warning: In file included from...
../Own/App\Motor/lkMotor.h(141): error: expected function body after function declarator
  141 | void Motor<MOTOR>::readData(uint8_t *data) requires std::same_as<MOTOR, lkMotor> {
      |                                            ^
../Own/OperateSystem/Thread/PCTask.cpp(9): warning: In file included from...
../Own/Obj\RoboArm/RoboArm.h(13): warning: In file included from...
../Own/Obj\RoboArm\RoboArmDep.h(8): warning: In file included from...
../Own/Moudle\Matrix/Matrix.h(70): warning: 'constexpr' non-static member function will not be implicitly 'const' in C++14; add 'const' to avoid a change in behavior [-Wconstexpr-not-const]
   70 |     constexpr uint32_t get_row() { return ROWS; }
      |                        ^
      |                                  const
../Own/Moudle\Matrix/Matrix.h(72): warning: 'constexpr' non-static member function will not be implicitly 'const' in C++14; add 'const' to avoid a change in behavior [-Wconstexpr-not-const]
   72 |     constexpr uint32_t get_col() { return COLS; }
      |                        ^
      |                                  const
../Own/Moudle\Matrix/Matrix.h(101): error: expected ';' at end of declaration list
  101 |     Matrix<ROWS, col> operator*(const Matrix<row, col>& other) const
      |                                                                     ^
      |                                                                     ;
../Own/Moudle\Matrix/Matrix.h(173): error: expected ';' at end of declaration list
  173 |     inline void assign_multiply(const Matrix<ROWS, clo>& first_matrix, const Matrix<row, COLS>& second_matrix)
      |                                                                                                               ^
      |                                                                                                               ;
../Own/Moudle\Matrix/Matrix.h(182): error: expected ';' at end of declaration list
  182 |     inline arm_status assign_inv(Matrix& scr_matrix)
      |                                                     ^
      |                                                     ;
../Own/Moudle\Matrix/Matrix.h(201): error: expected function body after function declarator
  201 |     requires(ROWS == COLS)
      |     ^
../Own/OperateSystem/Thread/PCTask.cpp(9): warning: In file included from...
../Own/Obj\RoboArm/RoboArm.h(13): warning: In file included from...
../Own/Obj\RoboArm\RoboArmDep.h(9): warning: In file included from...
../Own/App\Motor/GM6020.h(41): error: use of undeclared identifier 'GM6020'
   41 | extern Motor<GM6020> gm6020;
      |              ^
../Own/OperateSystem/Thread/PCTask.cpp(9): warning: In file included from...
../Own/Obj\RoboArm/RoboArm.h(13): warning: In file included from...
../Own/Obj\RoboArm\RoboArmDep.h(13): warning: In file included from...
../Own/App\Motor/dmMotor.h(19): warning: In file included from...
../Own/Moudle\MyMath/MyMath.h(103): error: unknown type name 'consteval'; did you mean 'constexpr'?
  103 | consteval head static_scale_transmit(source value, source source_scale, head head_scale) {
      | ^~~~~~~~~
      | constexpr
../Own/Moudle\MyMath/MyMath.h(104): warning: variable declaration in a constexpr function is a C++14 extension [-Wc++14-extensions]
  104 |     head target = static_cast<float>(value * head_scale) / source_scale;
      |          ^
../Own/Moudle\MyMath/MyMath.h(117): error: unknown type name 'consteval'; did you mean 'constexpr'?
  117 | consteval float rad2deg(float rad) {
      | ^~~~~~~~~
      | constexpr
../Own/Moudle\MyMath/MyMath.h(120): error: unknown type name 'consteval'; did you mean 'constexpr'?
  120 | consteval float deg2rad(float deg) {
      | ^~~~~~~~~
      | constexpr
../Own/Moudle\MyMath/MyMath.h(123): error: unknown type name 'consteval'; did you mean 'constexpr'?
  123 | consteval float scale(float src, float head) {
      | ^~~~~~~~~
      | constexpr
../Own/OperateSystem/Thread/PCTask.cpp(9): warning: In file included from...
../Own/Obj\RoboArm/RoboArm.h(13): warning: In file included from...
../Own/Obj\RoboArm\RoboArmDep.h(13): warning: In file included from...
../Own/App\Motor/dmMotor.h(52): error: expected function body after function declarator
   52 | void Motor<MOTOR>::readData(uint8_t *data) requires std::same_as<MOTOR, dmMotor>{
      |                                            ^
../Own/OperateSystem/Thread/PCTask.cpp(9): warning: In file included from...
../Own/Obj\RoboArm/RoboArm.h(13): warning: In file included from...
../Own/Obj\RoboArm\RoboArmDep.h(37): error: unknown type name 'consteval'; did you mean 'constexpr'?
   37 |     consteval int16_t joint_scale(float angle, float scr, float head) {
      |     ^~~~~~~~~
      |     constexpr
../Own/Obj\RoboArm\RoboArmDep.h(41): error: unknown type name 'consteval'; did you mean 'constexpr'?
   41 |     consteval float joint_scale(float angle, float scale) {
      |     ^~~~~~~~~
      |     constexpr
3 warnings and 19 errors generated.
compiling PCTask.cpp...
../Own/OperateSystem/Vari.cpp(8): warning: In file included from...
../Own/Obj\Chassis/Chassis.h(11): warning: In file included from...
../Own/Obj\Chassis\chassis_dep.h(10): warning: In file included from...
../Own/App\Motor/Motor.h(46): error: class member cannot be redeclared
   46 |     void readData(uint8_t *data) requires std::same_as<MOTOR, dmMotor>;
      |          ^
../Own/App\Motor/Motor.h(45): note: previous declaration is here
   45 |     void readData(uint8_t *data);
      |          ^
../Own/App\Motor/Motor.h(46): error: expected ';' at end of declaration list
   46 |     void readData(uint8_t *data) requires std::same_as<MOTOR, dmMotor>;
      |                                 ^
      |                                 ;
../Own/App\Motor/Motor.h(47): error: class member cannot be redeclared
   47 |     void readData(uint8_t *data) requires std::same_as<MOTOR, lkMotor>;
      |          ^
../Own/App\Motor/Motor.h(45): note: previous declaration is here
   45 |     void readData(uint8_t *data);
      |          ^
../Own/App\Motor/Motor.h(47): error: expected ';' at end of declaration list
   47 |     void readData(uint8_t *data) requires std::same_as<MOTOR, lkMotor>;
      |                                 ^
      |                                 ;
../Own/App\Motor/Motor.h(48): error: class member cannot be redeclared
   48 |     void readData(uint8_t *data) requires std::same_as<MOTOR, lkMotorBoard>;
      |          ^
../Own/App\Motor/Motor.h(45): note: previous declaration is here
   45 |     void readData(uint8_t *data);
      |          ^
../Own/App\Motor/Motor.h(48): error: expected ';' at end of declaration list
   48 |     void readData(uint8_t *data) requires std::same_as<MOTOR, lkMotorBoard>;
      |                                 ^
      |                                 ;
../Own/OperateSystem/Vari.cpp(8): warning: In file included from...
../Own/Obj\Chassis/Chassis.h(11): warning: In file included from...
../Own/Obj\Chassis\chassis_dep.h(11): warning: In file included from...
../Own/Moudle\MyMath/MyMath.h(103): error: unknown type name 'consteval'; did you mean 'constexpr'?
  103 | consteval head static_scale_transmit(source value, source source_scale, head head_scale) {
      | ^~~~~~~~~
      | constexpr
../Own/Moudle\MyMath/MyMath.h(104): warning: variable declaration in a constexpr function is a C++14 extension [-Wc++14-extensions]
  104 |     head target = static_cast<float>(value * head_scale) / source_scale;
      |          ^
../Own/Moudle\MyMath/MyMath.h(117): error: unknown type name 'consteval'; did you mean 'constexpr'?
  117 | consteval float rad2deg(float rad) {
      | ^~~~~~~~~
      | constexpr
../Own/Moudle\MyMath/MyMath.h(120): error: unknown type name 'consteval'; did you mean 'constexpr'?
  120 | consteval float deg2rad(float deg) {
      | ^~~~~~~~~
      | constexpr
../Own/Moudle\MyMath/MyMath.h(123): error: unknown type name 'consteval'; did you mean 'constexpr'?
  123 | consteval float scale(float src, float head) {
      | ^~~~~~~~~
      | constexpr
../Own/OperateSystem/Vari.cpp(8): warning: In file included from...
../Own/Obj\Chassis/Chassis.h(11): warning: In file included from...
../Own/Obj\Chassis\chassis_dep.h(15): warning: In file included from...
../Own/App\Interact/Interact.h(11): warning: In file included from...
../Own/Obj\RoboArm/RoboArm.h(13): warning: In file included from...
../Own/Obj\RoboArm\RoboArmDep.h(8): warning: In file included from...
../Own/Moudle\Matrix/Matrix.h(70): warning: 'constexpr' non-static member function will not be implicitly 'const' in C++14; add 'const' to avoid a change in behavior [-Wconstexpr-not-const]
   70 |     constexpr uint32_t get_row() { return ROWS; }
      |                        ^
      |                                  const
../Own/Moudle\Matrix/Matrix.h(72): warning: 'constexpr' non-static member function will not be implicitly 'const' in C++14; add 'const' to avoid a change in behavior [-Wconstexpr-not-const]
   72 |     constexpr uint32_t get_col() { return COLS; }
      |                        ^
      |                                  const
../Own/Moudle\Matrix/Matrix.h(101): error: expected ';' at end of declaration list
  101 |     Matrix<ROWS, col> operator*(const Matrix<row, col>& other) const
      |                                                                     ^
      |                                                                     ;
../Own/Moudle\Matrix/Matrix.h(173): error: expected ';' at end of declaration list
  173 |     inline void assign_multiply(const Matrix<ROWS, clo>& first_matrix, const Matrix<row, COLS>& second_matrix)
      |                                                                                                               ^
      |                                                                                                               ;
../Own/Moudle\Matrix/Matrix.h(182): error: expected ';' at end of declaration list
  182 |     inline arm_status assign_inv(Matrix& scr_matrix)
      |                                                     ^
      |                                                     ;
../Own/Moudle\Matrix/Matrix.h(201): error: expected function body after function declarator
  201 |     requires(ROWS == COLS)
      |     ^
../Own/OperateSystem/Vari.cpp(8): warning: In file included from...
../Own/Obj\Chassis/Chassis.h(11): warning: In file included from...
../Own/Obj\Chassis\chassis_dep.h(15): warning: In file included from...
../Own/App\Interact/Interact.h(11): warning: In file included from...
../Own/Obj\RoboArm/RoboArm.h(13): warning: In file included from...
../Own/Obj\RoboArm\RoboArmDep.h(9): warning: In file included from...
../Own/App\Motor/GM6020.h(41): error: use of undeclared identifier 'GM6020'
   41 | extern Motor<GM6020> gm6020;
      |              ^
../Own/OperateSystem/Vari.cpp(8): warning: In file included from...
../Own/Obj\Chassis/Chassis.h(11): warning: In file included from...
../Own/Obj\Chassis\chassis_dep.h(15): warning: In file included from...
../Own/App\Interact/Interact.h(11): warning: In file included from...
../Own/Obj\RoboArm/RoboArm.h(13): warning: In file included from...
../Own/Obj\RoboArm\RoboArmDep.h(13): warning: In file included from...
../Own/App\Motor/dmMotor.h(52): error: expected function body after function declarator
   52 | void Motor<MOTOR>::readData(uint8_t *data) requires std::same_as<MOTOR, dmMotor>{
      |                                            ^
../Own/OperateSystem/Vari.cpp(8): warning: In file included from...
../Own/Obj\Chassis/Chassis.h(11): warning: In file included from...
../Own/Obj\Chassis\chassis_dep.h(15): warning: In file included from...
../Own/App\Interact/Interact.h(11): warning: In file included from...
../Own/Obj\RoboArm/RoboArm.h(13): warning: In file included from...
../Own/Obj\RoboArm\RoboArmDep.h(14): warning: In file included from...
../Own/App\Motor/lkMotor.h(141): error: expected function body after function declarator
  141 | void Motor<MOTOR>::readData(uint8_t *data) requires std::same_as<MOTOR, lkMotor> {
      |                                            ^
../Own/OperateSystem/Vari.cpp(8): warning: In file included from...
../Own/Obj\Chassis/Chassis.h(11): warning: In file included from...
../Own/Obj\Chassis\chassis_dep.h(15): warning: In file included from...
../Own/App\Interact/Interact.h(11): warning: In file included from...
../Own/Obj\RoboArm/RoboArm.h(13): warning: In file included from...
../Own/Obj\RoboArm\RoboArmDep.h(37): error: unknown type name 'consteval'; did you mean 'constexpr'?
   37 |     consteval int16_t joint_scale(float angle, float scr, float head) {
      |     ^~~~~~~~~
      |     constexpr
../Own/Obj\RoboArm\RoboArmDep.h(41): error: unknown type name 'consteval'; did you mean 'constexpr'?
   41 |     consteval float joint_scale(float angle, float scale) {
      |     ^~~~~~~~~
      |     constexpr
fatal error: too many errors emitted, stopping now [-ferror-limit=]
3 warnings and 20 errors generated.
compiling Vari.cpp...
../Own/OperateSystem/Thread/ChassisTask.cpp(4): warning: In file included from...
../Own/Obj\Chassis/Chassis.h(11): warning: In file included from...
../Own/Obj\Chassis\chassis_dep.h(10): warning: In file included from...
../Own/App\Motor/Motor.h(46): error: class member cannot be redeclared
   46 |     void readData(uint8_t *data) requires std::same_as<MOTOR, dmMotor>;
      |          ^
../Own/App\Motor/Motor.h(45): note: previous declaration is here
   45 |     void readData(uint8_t *data);
      |          ^
../Own/App\Motor/Motor.h(46): error: expected ';' at end of declaration list
   46 |     void readData(uint8_t *data) requires std::same_as<MOTOR, dmMotor>;
      |                                 ^
      |                                 ;
../Own/App\Motor/Motor.h(47): error: class member cannot be redeclared
   47 |     void readData(uint8_t *data) requires std::same_as<MOTOR, lkMotor>;
      |          ^
../Own/App\Motor/Motor.h(45): note: previous declaration is here
   45 |     void readData(uint8_t *data);
      |          ^
../Own/App\Motor/Motor.h(47): error: expected ';' at end of declaration list
   47 |     void readData(uint8_t *data) requires std::same_as<MOTOR, lkMotor>;
      |                                 ^
      |                                 ;
../Own/App\Motor/Motor.h(48): error: class member cannot be redeclared
   48 |     void readData(uint8_t *data) requires std::same_as<MOTOR, lkMotorBoard>;
      |          ^
../Own/App\Motor/Motor.h(45): note: previous declaration is here
   45 |     void readData(uint8_t *data);
      |          ^
../Own/App\Motor/Motor.h(48): error: expected ';' at end of declaration list
   48 |     void readData(uint8_t *data) requires std::same_as<MOTOR, lkMotorBoard>;
      |                                 ^
      |                                 ;
../Own/OperateSystem/Thread/ChassisTask.cpp(4): warning: In file included from...
../Own/Obj\Chassis/Chassis.h(11): warning: In file included from...
../Own/Obj\Chassis\chassis_dep.h(11): warning: In file included from...
../Own/Moudle\MyMath/MyMath.h(103): error: unknown type name 'consteval'; did you mean 'constexpr'?
  103 | consteval head static_scale_transmit(source value, source source_scale, head head_scale) {
      | ^~~~~~~~~
      | constexpr
../Own/Moudle\MyMath/MyMath.h(104): warning: variable declaration in a constexpr function is a C++14 extension [-Wc++14-extensions]
  104 |     head target = static_cast<float>(value * head_scale) / source_scale;
      |          ^
../Own/Moudle\MyMath/MyMath.h(117): error: unknown type name 'consteval'; did you mean 'constexpr'?
  117 | consteval float rad2deg(float rad) {
      | ^~~~~~~~~
      | constexpr
../Own/Moudle\MyMath/MyMath.h(120): error: unknown type name 'consteval'; did you mean 'constexpr'?
  120 | consteval float deg2rad(float deg) {
      | ^~~~~~~~~
      | constexpr
../Own/Moudle\MyMath/MyMath.h(123): error: unknown type name 'consteval'; did you mean 'constexpr'?
  123 | consteval float scale(float src, float head) {
      | ^~~~~~~~~
      | constexpr
../Own/OperateSystem/Thread/ChassisTask.cpp(4): warning: In file included from...
../Own/Obj\Chassis/Chassis.h(11): warning: In file included from...
../Own/Obj\Chassis\chassis_dep.h(15): warning: In file included from...
../Own/App\Interact/Interact.h(11): warning: In file included from...
../Own/Obj\RoboArm/RoboArm.h(13): warning: In file included from...
../Own/Obj\RoboArm\RoboArmDep.h(8): warning: In file included from...
../Own/Moudle\Matrix/Matrix.h(70): warning: 'constexpr' non-static member function will not be implicitly 'const' in C++14; add 'const' to avoid a change in behavior [-Wconstexpr-not-const]
   70 |     constexpr uint32_t get_row() { return ROWS; }
      |                        ^
      |                                  const
../Own/Moudle\Matrix/Matrix.h(72): warning: 'constexpr' non-static member function will not be implicitly 'const' in C++14; add 'const' to avoid a change in behavior [-Wconstexpr-not-const]
   72 |     constexpr uint32_t get_col() { return COLS; }
      |                        ^
      |                                  const
../Own/Moudle\Matrix/Matrix.h(101): error: expected ';' at end of declaration list
  101 |     Matrix<ROWS, col> operator*(const Matrix<row, col>& other) const
      |                                                                     ^
      |                                                                     ;
../Own/Moudle\Matrix/Matrix.h(173): error: expected ';' at end of declaration list
  173 |     inline void assign_multiply(const Matrix<ROWS, clo>& first_matrix, const Matrix<row, COLS>& second_matrix)
      |                                                                                                               ^
      |                                                                                                               ;
../Own/Moudle\Matrix/Matrix.h(182): error: expected ';' at end of declaration list
  182 |     inline arm_status assign_inv(Matrix& scr_matrix)
      |                                                     ^
      |                                                     ;
../Own/Moudle\Matrix/Matrix.h(201): error: expected function body after function declarator
  201 |     requires(ROWS == COLS)
      |     ^
../Own/OperateSystem/Thread/ChassisTask.cpp(4): warning: In file included from...
../Own/Obj\Chassis/Chassis.h(11): warning: In file included from...
../Own/Obj\Chassis\chassis_dep.h(15): warning: In file included from...
../Own/App\Interact/Interact.h(11): warning: In file included from...
../Own/Obj\RoboArm/RoboArm.h(13): warning: In file included from...
../Own/Obj\RoboArm\RoboArmDep.h(9): warning: In file included from...
../Own/App\Motor/GM6020.h(41): error: use of undeclared identifier 'GM6020'
   41 | extern Motor<GM6020> gm6020;
      |              ^
../Own/OperateSystem/Thread/ChassisTask.cpp(4): warning: In file included from...
../Own/Obj\Chassis/Chassis.h(11): warning: In file included from...
../Own/Obj\Chassis\chassis_dep.h(15): warning: In file included from...
../Own/App\Interact/Interact.h(11): warning: In file included from...
../Own/Obj\RoboArm/RoboArm.h(13): warning: In file included from...
../Own/Obj\RoboArm\RoboArmDep.h(13): warning: In file included from...
../Own/App\Motor/dmMotor.h(52): error: expected function body after function declarator
   52 | void Motor<MOTOR>::readData(uint8_t *data) requires std::same_as<MOTOR, dmMotor>{
      |                                            ^
../Own/OperateSystem/Thread/ChassisTask.cpp(4): warning: In file included from...
../Own/Obj\Chassis/Chassis.h(11): warning: In file included from...
../Own/Obj\Chassis\chassis_dep.h(15): warning: In file included from...
../Own/App\Interact/Interact.h(11): warning: In file included from...
../Own/Obj\RoboArm/RoboArm.h(13): warning: In file included from...
../Own/Obj\RoboArm\RoboArmDep.h(14): warning: In file included from...
../Own/App\Motor/lkMotor.h(141): error: expected function body after function declarator
  141 | void Motor<MOTOR>::readData(uint8_t *data) requires std::same_as<MOTOR, lkMotor> {
      |                                            ^
../Own/OperateSystem/Thread/ChassisTask.cpp(4): warning: In file included from...
../Own/Obj\Chassis/Chassis.h(11): warning: In file included from...
../Own/Obj\Chassis\chassis_dep.h(15): warning: In file included from...
../Own/App\Interact/Interact.h(11): warning: In file included from...
../Own/Obj\RoboArm/RoboArm.h(13): warning: In file included from...
../Own/Obj\RoboArm\RoboArmDep.h(37): error: unknown type name 'consteval'; did you mean 'constexpr'?
   37 |     consteval int16_t joint_scale(float angle, float scr, float head) {
      |     ^~~~~~~~~
      |     constexpr
../Own/Obj\RoboArm\RoboArmDep.h(41): error: unknown type name 'consteval'; did you mean 'constexpr'?
   41 |     consteval float joint_scale(float angle, float scale) {
      |     ^~~~~~~~~
      |     constexpr
fatal error: too many errors emitted, stopping now [-ferror-limit=]
3 warnings and 20 errors generated.
compiling ChassisTask.cpp...
../Own/OperateSystem/Thread/RemoteCtrlTask.cpp(8): warning: In file included from...
../Own/App\Interact/Interact.h(11): warning: In file included from...
../Own/Obj\RoboArm/RoboArm.h(13): warning: In file included from...
../Own/Obj\RoboArm\RoboArmDep.h(8): warning: In file included from...
../Own/Moudle\Matrix/Matrix.h(70): warning: 'constexpr' non-static member function will not be implicitly 'const' in C++14; add 'const' to avoid a change in behavior [-Wconstexpr-not-const]
   70 |     constexpr uint32_t get_row() { return ROWS; }
      |                        ^
      |                                  const
../Own/Moudle\Matrix/Matrix.h(72): warning: 'constexpr' non-static member function will not be implicitly 'const' in C++14; add 'const' to avoid a change in behavior [-Wconstexpr-not-const]
   72 |     constexpr uint32_t get_col() { return COLS; }
      |                        ^
      |                                  const
../Own/Moudle\Matrix/Matrix.h(101): error: expected ';' at end of declaration list
  101 |     Matrix<ROWS, col> operator*(const Matrix<row, col>& other) const
      |                                                                     ^
      |                                                                     ;
../Own/Moudle\Matrix/Matrix.h(173): error: expected ';' at end of declaration list
  173 |     inline void assign_multiply(const Matrix<ROWS, clo>& first_matrix, const Matrix<row, COLS>& second_matrix)
      |                                                                                                               ^
      |                                                                                                               ;
../Own/Moudle\Matrix/Matrix.h(182): error: expected ';' at end of declaration list
  182 |     inline arm_status assign_inv(Matrix& scr_matrix)
      |                                                     ^
      |                                                     ;
../Own/Moudle\Matrix/Matrix.h(201): error: expected function body after function declarator
  201 |     requires(ROWS == COLS)
      |     ^
../Own/OperateSystem/Thread/RemoteCtrlTask.cpp(8): warning: In file included from...
../Own/App\Interact/Interact.h(11): warning: In file included from...
../Own/Obj\RoboArm/RoboArm.h(13): warning: In file included from...
../Own/Obj\RoboArm\RoboArmDep.h(9): warning: In file included from...
../Own/App\Motor/GM6020.h(11): warning: In file included from...
../Own/App\Motor\FeedBack.h(8): warning: In file included from...
../Own/Bsp\CAN/SuperCan.h(32): error: unknown type name 'filter_mode'
   32 |     void filter_config(uint16_t filter_number, filter_mode filterMode = MASK, uint32_t reg_1 = 0, uint32_t reg_2 = 0);
      |                                                ^
../Own/Bsp\CAN/SuperCan.h(32): error: use of undeclared identifier 'MASK'
   32 |     void filter_config(uint16_t filter_number, filter_mode filterMode = MASK, uint32_t reg_1 = 0, uint32_t reg_2 = 0);
      |                                                                         ^
../Own/OperateSystem/Thread/RemoteCtrlTask.cpp(8): warning: In file included from...
../Own/App\Interact/Interact.h(11): warning: In file included from...
../Own/Obj\RoboArm/RoboArm.h(13): warning: In file included from...
../Own/Obj\RoboArm\RoboArmDep.h(9): warning: In file included from...
../Own/App\Motor/GM6020.h(12): warning: In file included from...
../Own/App\Motor\Motor.h(46): error: class member cannot be redeclared
   46 |     void readData(uint8_t *data) requires std::same_as<MOTOR, dmMotor>;
      |          ^
../Own/App\Motor\Motor.h(45): note: previous declaration is here
   45 |     void readData(uint8_t *data);
      |          ^
../Own/App\Motor\Motor.h(46): error: expected ';' at end of declaration list
   46 |     void readData(uint8_t *data) requires std::same_as<MOTOR, dmMotor>;
      |                                 ^
      |                                 ;
../Own/App\Motor\Motor.h(47): error: class member cannot be redeclared
   47 |     void readData(uint8_t *data) requires std::same_as<MOTOR, lkMotor>;
      |          ^
../Own/App\Motor\Motor.h(45): note: previous declaration is here
   45 |     void readData(uint8_t *data);
      |          ^
../Own/App\Motor\Motor.h(47): error: expected ';' at end of declaration list
   47 |     void readData(uint8_t *data) requires std::same_as<MOTOR, lkMotor>;
      |                                 ^
      |                                 ;
../Own/App\Motor\Motor.h(48): error: class member cannot be redeclared
   48 |     void readData(uint8_t *data) requires std::same_as<MOTOR, lkMotorBoard>;
      |          ^
../Own/App\Motor\Motor.h(45): note: previous declaration is here
   45 |     void readData(uint8_t *data);
      |          ^
../Own/App\Motor\Motor.h(48): error: expected ';' at end of declaration list
   48 |     void readData(uint8_t *data) requires std::same_as<MOTOR, lkMotorBoard>;
      |                                 ^
      |                                 ;
../Own/OperateSystem/Thread/RemoteCtrlTask.cpp(8): warning: In file included from...
../Own/App\Interact/Interact.h(11): warning: In file included from...
../Own/Obj\RoboArm/RoboArm.h(13): warning: In file included from...
../Own/Obj\RoboArm\RoboArmDep.h(13): warning: In file included from...
../Own/App\Motor/dmMotor.h(19): warning: In file included from...
../Own/Moudle\MyMath/MyMath.h(103): error: unknown type name 'consteval'; did you mean 'constexpr'?
  103 | consteval head static_scale_transmit(source value, source source_scale, head head_scale) {
      | ^~~~~~~~~
      | constexpr
../Own/Moudle\MyMath/MyMath.h(104): warning: variable declaration in a constexpr function is a C++14 extension [-Wc++14-extensions]
  104 |     head target = static_cast<float>(value * head_scale) / source_scale;
      |          ^
../Own/Moudle\MyMath/MyMath.h(117): error: unknown type name 'consteval'; did you mean 'constexpr'?
  117 | consteval float rad2deg(float rad) {
      | ^~~~~~~~~
      | constexpr
../Own/Moudle\MyMath/MyMath.h(120): error: unknown type name 'consteval'; did you mean 'constexpr'?
  120 | consteval float deg2rad(float deg) {
      | ^~~~~~~~~
      | constexpr
../Own/Moudle\MyMath/MyMath.h(123): error: unknown type name 'consteval'; did you mean 'constexpr'?
  123 | consteval float scale(float src, float head) {
      | ^~~~~~~~~
      | constexpr
../Own/OperateSystem/Thread/RemoteCtrlTask.cpp(8): warning: In file included from...
../Own/App\Interact/Interact.h(11): warning: In file included from...
../Own/Obj\RoboArm/RoboArm.h(13): warning: In file included from...
../Own/Obj\RoboArm\RoboArmDep.h(13): warning: In file included from...
../Own/App\Motor/dmMotor.h(52): error: expected function body after function declarator
   52 | void Motor<MOTOR>::readData(uint8_t *data) requires std::same_as<MOTOR, dmMotor>{
      |                                            ^
../Own/OperateSystem/Thread/RemoteCtrlTask.cpp(8): warning: In file included from...
../Own/App\Interact/Interact.h(11): warning: In file included from...
../Own/Obj\RoboArm/RoboArm.h(13): warning: In file included from...
../Own/Obj\RoboArm\RoboArmDep.h(14): warning: In file included from...
../Own/App\Motor/lkMotor.h(141): error: expected function body after function declarator
  141 | void Motor<MOTOR>::readData(uint8_t *data) requires std::same_as<MOTOR, lkMotor> {
      |                                            ^
../Own/OperateSystem/Thread/RemoteCtrlTask.cpp(8): warning: In file included from...
../Own/App\Interact/Interact.h(11): warning: In file included from...
../Own/Obj\RoboArm/RoboArm.h(13): warning: In file included from...
../Own/Obj\RoboArm\RoboArmDep.h(37): error: unknown type name 'consteval'; did you mean 'constexpr'?
   37 |     consteval int16_t joint_scale(float angle, float scr, float head) {
      |     ^~~~~~~~~
      |     constexpr
fatal error: too many errors emitted, stopping now [-ferror-limit=]
3 warnings and 20 errors generated.
compiling RemoteCtrlTask.cpp...
compiling MahonyAHRS.c...
compiling BMI088driver.c...
../Own/OperateSystem/Thread/StartTask.cpp(6): warning: In file included from...
../Own/Obj\RoboArm/RoboArm.h(13): warning: In file included from...
../Own/Obj\RoboArm\RoboArmDep.h(8): warning: In file included from...
../Own/Moudle\Matrix/Matrix.h(70): warning: 'constexpr' non-static member function will not be implicitly 'const' in C++14; add 'const' to avoid a change in behavior [-Wconstexpr-not-const]
   70 |     constexpr uint32_t get_row() { return ROWS; }
      |                        ^
      |                                  const
../Own/Moudle\Matrix/Matrix.h(72): warning: 'constexpr' non-static member function will not be implicitly 'const' in C++14; add 'const' to avoid a change in behavior [-Wconstexpr-not-const]
   72 |     constexpr uint32_t get_col() { return COLS; }
      |                        ^
      |                                  const
../Own/Moudle\Matrix/Matrix.h(101): error: expected ';' at end of declaration list
  101 |     Matrix<ROWS, col> operator*(const Matrix<row, col>& other) const
      |                                                                     ^
      |                                                                     ;
../Own/Moudle\Matrix/Matrix.h(173): error: expected ';' at end of declaration list
  173 |     inline void assign_multiply(const Matrix<ROWS, clo>& first_matrix, const Matrix<row, COLS>& second_matrix)
      |                                                                                                               ^
      |                                                                                                               ;
../Own/Moudle\Matrix/Matrix.h(182): error: expected ';' at end of declaration list
  182 |     inline arm_status assign_inv(Matrix& scr_matrix)
      |                                                     ^
      |                                                     ;
../Own/Moudle\Matrix/Matrix.h(201): error: expected function body after function declarator
  201 |     requires(ROWS == COLS)
      |     ^
../Own/OperateSystem/Thread/StartTask.cpp(6): warning: In file included from...
../Own/Obj\RoboArm/RoboArm.h(13): warning: In file included from...
../Own/Obj\RoboArm\RoboArmDep.h(9): warning: In file included from...
../Own/App\Motor/GM6020.h(11): warning: In file included from...
../Own/App\Motor\FeedBack.h(8): warning: In file included from...
../Own/Bsp\CAN/SuperCan.h(32): error: unknown type name 'filter_mode'
   32 |     void filter_config(uint16_t filter_number, filter_mode filterMode = MASK, uint32_t reg_1 = 0, uint32_t reg_2 = 0);
      |                                                ^
../Own/Bsp\CAN/SuperCan.h(32): error: use of undeclared identifier 'MASK'
   32 |     void filter_config(uint16_t filter_number, filter_mode filterMode = MASK, uint32_t reg_1 = 0, uint32_t reg_2 = 0);
      |                                                                         ^
../Own/OperateSystem/Thread/StartTask.cpp(6): warning: In file included from...
../Own/Obj\RoboArm/RoboArm.h(13): warning: In file included from...
../Own/Obj\RoboArm\RoboArmDep.h(9): warning: In file included from...
../Own/App\Motor/GM6020.h(12): warning: In file included from...
../Own/App\Motor\Motor.h(46): error: class member cannot be redeclared
   46 |     void readData(uint8_t *data) requires std::same_as<MOTOR, dmMotor>;
      |          ^
../Own/App\Motor\Motor.h(45): note: previous declaration is here
   45 |     void readData(uint8_t *data);
      |          ^
../Own/App\Motor\Motor.h(46): error: expected ';' at end of declaration list
   46 |     void readData(uint8_t *data) requires std::same_as<MOTOR, dmMotor>;
      |                                 ^
      |                                 ;
../Own/App\Motor\Motor.h(47): error: class member cannot be redeclared
   47 |     void readData(uint8_t *data) requires std::same_as<MOTOR, lkMotor>;
      |          ^
../Own/App\Motor\Motor.h(45): note: previous declaration is here
   45 |     void readData(uint8_t *data);
      |          ^
../Own/App\Motor\Motor.h(47): error: expected ';' at end of declaration list
   47 |     void readData(uint8_t *data) requires std::same_as<MOTOR, lkMotor>;
      |                                 ^
      |                                 ;
../Own/App\Motor\Motor.h(48): error: class member cannot be redeclared
   48 |     void readData(uint8_t *data) requires std::same_as<MOTOR, lkMotorBoard>;
      |          ^
../Own/App\Motor\Motor.h(45): note: previous declaration is here
   45 |     void readData(uint8_t *data);
      |          ^
../Own/App\Motor\Motor.h(48): error: expected ';' at end of declaration list
   48 |     void readData(uint8_t *data) requires std::same_as<MOTOR, lkMotorBoard>;
      |                                 ^
      |                                 ;
../Own/OperateSystem/Thread/StartTask.cpp(6): warning: In file included from...
../Own/Obj\RoboArm/RoboArm.h(13): warning: In file included from...
../Own/Obj\RoboArm\RoboArmDep.h(13): warning: In file included from...
../Own/App\Motor/dmMotor.h(19): warning: In file included from...
../Own/Moudle\MyMath/MyMath.h(103): error: unknown type name 'consteval'; did you mean 'constexpr'?
  103 | consteval head static_scale_transmit(source value, source source_scale, head head_scale) {
      | ^~~~~~~~~
      | constexpr
../Own/Moudle\MyMath/MyMath.h(104): warning: variable declaration in a constexpr function is a C++14 extension [-Wc++14-extensions]
  104 |     head target = static_cast<float>(value * head_scale) / source_scale;
      |          ^
../Own/Moudle\MyMath/MyMath.h(117): error: unknown type name 'consteval'; did you mean 'constexpr'?
  117 | consteval float rad2deg(float rad) {
      | ^~~~~~~~~
      | constexpr
../Own/Moudle\MyMath/MyMath.h(120): error: unknown type name 'consteval'; did you mean 'constexpr'?
  120 | consteval float deg2rad(float deg) {
      | ^~~~~~~~~
      | constexpr
../Own/Moudle\MyMath/MyMath.h(123): error: unknown type name 'consteval'; did you mean 'constexpr'?
  123 | consteval float scale(float src, float head) {
      | ^~~~~~~~~
      | constexpr
../Own/OperateSystem/Thread/StartTask.cpp(6): warning: In file included from...
../Own/Obj\RoboArm/RoboArm.h(13): warning: In file included from...
../Own/Obj\RoboArm\RoboArmDep.h(13): warning: In file included from...
../Own/App\Motor/dmMotor.h(52): error: expected function body after function declarator
   52 | void Motor<MOTOR>::readData(uint8_t *data) requires std::same_as<MOTOR, dmMotor>{
      |                                            ^
../Own/OperateSystem/Thread/StartTask.cpp(6): warning: In file included from...
../Own/Obj\RoboArm/RoboArm.h(13): warning: In file included from...
../Own/Obj\RoboArm\RoboArmDep.h(14): warning: In file included from...
../Own/App\Motor/lkMotor.h(141): error: expected function body after function declarator
  141 | void Motor<MOTOR>::readData(uint8_t *data) requires std::same_as<MOTOR, lkMotor> {
      |                                            ^
../Own/OperateSystem/Thread/StartTask.cpp(6): warning: In file included from...
../Own/Obj\RoboArm/RoboArm.h(13): warning: In file included from...
../Own/Obj\RoboArm\RoboArmDep.h(37): error: unknown type name 'consteval'; did you mean 'constexpr'?
   37 |     consteval int16_t joint_scale(float angle, float scr, float head) {
      |     ^~~~~~~~~
      |     constexpr
fatal error: too many errors emitted, stopping now [-ferror-limit=]
3 warnings and 20 errors generated.
compiling StartTask.cpp...
compiling BMI088Middleware.c...
compiling bsp_dwt.c...
compiling QuaternionEKF.c...
compiling kalman_filter.c...
compiling controller.c...
compiling user_lib.c...
compiling BasicMathFunctions.c...
compiling BasicMathFunctionsF16.c...
compiling BayesFunctions.c...
compiling BayesFunctionsF16.c...
compiling CommonTablesF16.c...
compiling CommonTables.c...
compiling ComplexMathFunctions.c...
compiling ControllerFunctions.c...
compiling ComplexMathFunctionsF16.c...
compiling DistanceFunctionsF16.c...
compiling DistanceFunctions.c...
compiling FastMathFunctionsF16.c...
compiling FastMathFunctions.c...
compiling FilteringFunctionsF16.c...
compiling InterpolationFunctions.c...
compiling InterpolationFunctionsF16.c...
compiling SVMFunctions.c...
compiling QuaternionMathFunctions.c...
compiling MatrixFunctionsF16.c...
compiling SVMFunctionsF16.c...
compiling StatisticsFunctionsF16.c...
compiling SupportFunctionsF16.c...
compiling SupportFunctions.c...
compiling MatrixFunctions.c...
compiling StatisticsFunctions.c...
compiling WindowFunctions.c...
compiling FilteringFunctions.c...
compiling TransformFunctionsF16.c...
compiling TransformFunctions.c...
"armclang_engineer\armclang_engineer.axf" - 327 Error(s), 49 Warning(s).

<h2>Software Packages used:</h2>

Package Vendor: ARM
                https://www.keil.com/pack/ARM.CMSIS.6.1.0.pack
                ARM::CMSIS@6.1.0
                CMSIS (Common Microcontroller Software Interface Standard)
   * Component: CORE Version: 6.1.0

Package Vendor: ARM
                https://www.keil.com/pack/ARM.CMSIS-DSP.1.16.2.pack
                ARM::CMSIS-DSP@1.16.2
                CMSIS Embedded Compute Library
   * Component: DSP Variant: Source Version: 1.16.2

Package Vendor: Keil
                https://www.keil.com/pack/Keil.STM32H7xx_DFP.4.0.0.pack
                Keil::STM32H7xx_DFP@4.0.0
                STMicroelectronics STM32H7 Series Device Support

<h2>Collection of Component include folders:</h2>
  ./RTE/_armclang_engineer
  D:/Keil_541_pack/ARM/CMSIS-DSP/1.16.2/Include
  D:/Keil_541_pack/ARM/CMSIS-DSP/1.16.2/PrivateInclude
  D:/Keil_541_pack/ARM/CMSIS/6.1.0/CMSIS/Core/Include

<h2>Collection of Component Files used:</h2>

   * Component: ARM::CMSIS:CORE@6.1.0
      Include file:  CMSIS/Core/Include/tz_context.h

   * Component: ARM::CMSIS:DSP&Source@1.16.2
      Source file:   Source/ComplexMathFunctions/ComplexMathFunctions.c
      Source file:   Source/ControllerFunctions/ControllerFunctions.c
      Source file:   Source/BasicMathFunctions/BasicMathFunctions.c
      Source file:   Source/CommonTables/CommonTables.c
      Source file:   Source/DistanceFunctions/DistanceFunctions.c
      Source file:   Source/FastMathFunctions/FastMathFunctions.c
      Include file:  Include/arm_math_f16.h
      Include file:  Include/arm_const_structs.h
      Include file:  Include/arm_const_structs_f16.h
      Source file:   Source/BayesFunctions/BayesFunctions.c
      Include file:  Include/arm_math.h
      Include file:  Include/arm_common_tables.h
      Include file:  Include/arm_common_tables_f16.h
      Source file:   Source/QuaternionMathFunctions/QuaternionMathFunctions.c
      Source file:   Source/StatisticsFunctions/StatisticsFunctions.c
      Source file:   Source/WindowFunctions/WindowFunctions.c
      Source file:   Source/FilteringFunctions/FilteringFunctionsF16.c
      Source file:   Source/ComplexMathFunctions/ComplexMathFunctionsF16.c
      Source file:   Source/SupportFunctions/SupportFunctionsF16.c
      Source file:   Source/TransformFunctions/TransformFunctionsF16.c
      Source file:   Source/StatisticsFunctions/StatisticsFunctionsF16.c
      Source file:   Source/InterpolationFunctions/InterpolationFunctionsF16.c
      Source file:   Source/SupportFunctions/SupportFunctions.c
      Source file:   Source/DistanceFunctions/DistanceFunctionsF16.c
      Source file:   Source/BayesFunctions/BayesFunctionsF16.c
      Source file:   Source/TransformFunctions/TransformFunctions.c
      Source file:   Source/FastMathFunctions/FastMathFunctionsF16.c
      Source file:   Source/InterpolationFunctions/InterpolationFunctions.c
      Source file:   Source/CommonTables/CommonTablesF16.c
      Source file:   Source/MatrixFunctions/MatrixFunctionsF16.c
      Source file:   Source/SVMFunctions/SVMFunctionsF16.c
      Source file:   Source/SVMFunctions/SVMFunctions.c
      Source file:   Source/FilteringFunctions/FilteringFunctions.c
      Source file:   Source/MatrixFunctions/MatrixFunctions.c
      Source file:   Source/BasicMathFunctions/BasicMathFunctionsF16.c
Target not created.
Build Time Elapsed:  00:00:20
</pre>
</body>
</html>
